TN:
SF:src/App.jsx
FN:1,(empty-report)
FNF:1
FNH:0
FNDA:0,(empty-report)
DA:1,0
DA:2,0
DA:3,0
DA:4,0
DA:5,0
DA:6,0
DA:8,0
DA:9,0
DA:10,0
DA:11,0
DA:12,0
DA:13,0
DA:14,0
DA:15,0
DA:16,0
DA:17,0
DA:18,0
DA:19,0
DA:21,0
DA:22,0
DA:24,0
DA:25,0
LF:22
LH:0
BRDA:1,0,0,0
BRF:1
BRH:0
end_of_record
TN:
SF:src/main.jsx
FN:1,(empty-report)
FNF:1
FNH:0
FNDA:0,(empty-report)
DA:1,0
DA:2,0
DA:3,0
DA:4,0
DA:5,0
DA:7,0
DA:8,0
DA:9,0
DA:10,0
DA:11,0
LF:10
LH:0
BRDA:1,0,0,0
BRF:1
BRH:0
end_of_record
TN:
SF:src/components/Navbar.jsx
FN:5,Navbar
FN:10,handleLogout
FN:63,onToggleSidebar
FNF:3
FNH:2
FNDA:2,Navbar
FNDA:1,handleLogout
FNDA:0,onToggleSidebar
DA:1,1
DA:2,1
DA:3,1
DA:5,2
DA:6,2
DA:8,2
DA:10,2
DA:11,1
DA:12,1
DA:13,1
DA:14,1
DA:15,1
DA:17,2
DA:18,2
DA:19,2
DA:20,2
DA:21,2
DA:22,2
DA:23,2
DA:24,2
DA:26,2
DA:28,2
DA:29,2
DA:31,2
DA:32,2
DA:34,2
DA:35,2
DA:36,2
DA:38,2
DA:39,2
DA:40,2
DA:41,2
DA:42,2
DA:43,2
DA:44,2
DA:46,2
DA:47,2
DA:48,2
DA:49,2
DA:50,2
DA:52,2
DA:53,2
DA:54,2
DA:56,2
DA:58,1
DA:59,1
DA:60,1
DA:62,1
DA:63,1
DA:64,1
LF:50
LH:50
BRDA:5,0,0,2
BRDA:8,1,0,0
BRDA:42,2,0,0
BRDA:42,3,0,0
BRDA:10,4,0,1
BRF:5
BRH:2
end_of_record
TN:
SF:src/components/Sidebar.jsx
FN:5,Sidebar
FN:110,onClose
FNF:2
FNH:1
FNDA:3,Sidebar
FNDA:0,onClose
DA:1,1
DA:2,1
DA:3,1
DA:5,3
DA:6,3
DA:7,3
DA:9,3
DA:10,3
DA:11,3
DA:13,3
DA:14,3
DA:15,3
DA:16,3
DA:17,3
DA:18,3
DA:19,3
DA:20,3
DA:21,3
DA:24,3
DA:25,3
DA:26,3
DA:27,3
DA:29,3
DA:30,3
DA:31,3
DA:33,3
DA:34,3
DA:35,3
DA:37,3
DA:38,3
DA:39,3
DA:40,3
DA:41,3
DA:43,3
DA:44,3
DA:46,3
DA:47,3
DA:48,3
DA:49,3
DA:50,3
DA:51,3
DA:53,3
DA:55,3
DA:56,1
DA:57,1
DA:58,1
DA:59,1
DA:60,1
DA:62,1
DA:65,3
DA:66,1
DA:67,1
DA:68,1
DA:69,1
DA:70,1
DA:71,1
DA:73,1
DA:74,1
DA:75,1
DA:76,1
DA:77,1
DA:78,1
DA:80,1
DA:81,1
DA:84,3
DA:85,1
DA:86,1
DA:87,1
DA:88,1
DA:89,1
DA:91,1
DA:93,3
DA:95,3
DA:97,3
DA:98,3
DA:99,3
DA:101,3
DA:103,1
DA:104,1
DA:105,1
DA:106,1
DA:108,1
DA:109,1
DA:110,1
DA:111,1
LF:85
LH:85
BRDA:5,0,0,3
BRDA:6,1,0,0
BRDA:7,2,0,0
BRDA:26,3,0,0
BRDA:55,4,0,1
BRDA:65,5,0,1
BRDA:84,6,0,1
BRF:7
BRH:4
end_of_record
TN:
SF:src/components/dashboard/AdminView.jsx
FN:20,AdminView
FNF:1
FNH:0
FNDA:0,AdminView
DA:1,1
DA:2,1
DA:3,1
DA:5,1
DA:7,1
DA:8,1
DA:9,1
DA:10,1
DA:11,1
DA:12,1
DA:13,1
DA:14,1
DA:15,1
DA:16,1
DA:17,1
DA:18,1
DA:20,0
DA:21,0
DA:22,0
DA:23,0
DA:24,0
DA:26,0
DA:27,0
DA:29,0
DA:30,0
DA:31,0
DA:32,0
DA:34,0
DA:35,0
DA:36,0
DA:37,0
DA:38,0
DA:40,0
DA:41,0
DA:42,0
DA:43,0
DA:45,0
DA:46,0
DA:48,0
DA:49,0
DA:50,0
DA:51,0
DA:52,0
DA:54,0
DA:55,0
DA:56,0
DA:57,0
DA:58,0
DA:60,0
DA:61,0
DA:62,0
DA:63,0
DA:64,0
DA:65,0
DA:66,0
DA:67,0
DA:68,0
DA:69,0
DA:70,0
DA:71,0
DA:73,0
DA:74,0
DA:75,0
DA:76,0
DA:77,0
DA:78,0
DA:79,0
DA:80,0
DA:81,0
DA:82,0
DA:83,0
DA:84,0
DA:86,0
DA:87,0
DA:89,0
DA:90,0
DA:91,0
DA:92,0
DA:93,0
DA:94,0
DA:95,0
DA:96,0
DA:97,0
DA:98,0
DA:99,0
DA:100,0
DA:101,0
DA:102,0
DA:103,0
DA:104,0
DA:105,0
DA:106,0
DA:107,0
DA:108,0
DA:109,0
DA:110,0
DA:111,0
DA:112,0
DA:113,0
DA:114,0
DA:115,0
DA:116,0
DA:117,0
DA:118,0
DA:119,0
DA:120,0
DA:121,0
DA:122,0
DA:123,0
DA:124,0
DA:125,0
DA:126,0
DA:127,0
DA:128,0
DA:129,0
DA:130,0
DA:131,0
DA:132,0
DA:133,0
DA:134,0
DA:135,0
DA:136,0
DA:137,0
DA:138,0
DA:139,0
DA:140,0
DA:142,0
DA:143,0
DA:144,0
DA:145,0
DA:147,0
DA:148,0
DA:150,0
DA:151,0
DA:154,0
DA:155,0
DA:157,0
DA:158,0
DA:160,0
DA:163,0
DA:164,0
DA:165,0
DA:166,0
DA:169,0
DA:170,0
DA:171,0
DA:172,0
DA:173,0
DA:174,0
DA:176,0
DA:177,0
DA:178,0
DA:179,0
DA:180,0
DA:181,0
DA:182,0
DA:183,0
DA:184,0
DA:185,0
DA:186,0
DA:187,0
DA:190,0
DA:191,0
DA:192,0
DA:193,0
DA:194,0
DA:196,0
DA:198,0
DA:199,0
DA:200,0
DA:202,0
DA:203,0
DA:204,0
DA:205,0
DA:207,0
DA:209,0
DA:210,0
DA:212,0
DA:213,0
DA:215,0
DA:216,0
DA:217,0
DA:219,0
DA:221,0
DA:222,0
DA:224,0
DA:225,0
DA:226,0
DA:227,0
DA:229,0
LF:190
LH:16
BRDA:5,0,0,0
BRF:1
BRH:0
end_of_record
TN:
SF:src/components/dashboard/AlumnoView.jsx
FN:6,AlumnoView
FN:55,handleChange
FN:62,crearSolicitud
FN:108,onClick
FN:184,onClick
FN:195,onChange
FN:274,onClick
FNF:7
FNH:2
FNDA:6,AlumnoView
FNDA:0,handleChange
FNDA:0,crearSolicitud
FNDA:1,onClick
FNDA:0,onClick
FNDA:0,onChange
FNDA:0,onClick
DA:1,1
DA:2,1
DA:4,1
DA:6,6
DA:7,6
DA:8,6
DA:9,6
DA:10,6
DA:12,6
DA:13,6
DA:14,6
DA:15,6
DA:16,6
DA:17,6
DA:18,6
DA:19,6
DA:20,6
DA:21,6
DA:22,6
DA:24,6
DA:26,6
DA:28,6
DA:29,3
DA:30,3
DA:31,3
DA:32,3
DA:33,3
DA:35,3
DA:36,6
DA:38,6
DA:39,3
DA:40,3
DA:41,3
DA:42,3
DA:43,3
DA:45,3
DA:46,6
DA:48,6
DA:49,3
DA:50,3
DA:51,3
DA:52,3
DA:53,6
DA:55,6
DA:56,0
DA:57,0
DA:58,0
DA:59,0
DA:60,0
DA:62,6
DA:63,0
DA:64,0
DA:65,0
DA:67,0
DA:68,0
DA:69,0
DA:70,0
DA:71,0
DA:72,0
DA:74,0
DA:75,0
DA:77,0
DA:78,0
DA:79,0
DA:80,0
DA:81,0
DA:82,0
DA:83,0
DA:84,0
DA:85,0
DA:86,0
DA:87,0
DA:89,0
DA:90,0
DA:91,0
DA:92,0
DA:93,0
DA:95,6
DA:96,6
DA:97,6
DA:98,6
DA:99,6
DA:100,6
DA:101,6
DA:103,6
DA:104,6
DA:106,6
DA:107,6
DA:108,6
DA:109,1
DA:110,1
DA:111,1
DA:112,1
DA:113,6
DA:114,6
DA:116,6
DA:117,6
DA:119,6
DA:120,6
DA:122,6
DA:123,6
DA:124,6
DA:126,0
DA:127,0
DA:128,0
DA:129,0
DA:131,0
DA:132,0
DA:133,0
DA:134,0
DA:135,0
DA:136,0
DA:138,0
DA:139,0
DA:140,0
DA:141,0
DA:142,0
DA:143,0
DA:144,0
DA:145,0
DA:146,0
DA:147,0
DA:148,0
DA:149,0
DA:150,0
DA:151,0
DA:152,0
DA:153,0
DA:154,0
DA:155,0
DA:157,0
DA:158,0
DA:159,0
DA:160,0
DA:161,0
DA:162,0
DA:163,0
DA:164,0
DA:165,0
DA:166,0
DA:168,0
DA:169,0
DA:170,0
DA:171,0
DA:173,6
DA:174,6
DA:176,6
DA:177,1
DA:178,1
DA:179,1
DA:180,1
DA:182,1
DA:183,1
DA:184,1
DA:185,1
DA:186,1
DA:188,1
DA:189,1
DA:191,1
DA:192,1
DA:193,1
DA:194,1
DA:195,1
DA:196,0
DA:197,0
DA:198,0
DA:200,0
DA:201,0
DA:202,0
DA:203,0
DA:204,0
DA:205,0
DA:206,1
DA:207,1
DA:209,1
DA:210,1
DA:211,0
DA:212,0
DA:213,0
DA:214,1
DA:215,1
DA:217,1
DA:218,1
DA:219,1
DA:220,1
DA:221,1
DA:222,1
DA:223,1
DA:224,1
DA:226,1
DA:227,1
DA:228,1
DA:229,1
DA:230,1
DA:231,1
DA:232,1
DA:233,1
DA:235,1
DA:236,1
DA:237,1
DA:238,1
DA:239,1
DA:240,1
DA:241,1
DA:242,1
DA:244,1
DA:245,1
DA:246,1
DA:247,1
DA:248,1
DA:249,1
DA:250,1
DA:251,1
DA:253,1
DA:254,1
DA:255,1
DA:256,1
DA:257,1
DA:258,1
DA:259,1
DA:260,1
DA:262,1
DA:263,1
DA:264,1
DA:265,1
DA:266,1
DA:267,1
DA:268,1
DA:269,1
DA:271,1
DA:272,1
DA:273,1
DA:274,1
DA:275,1
DA:276,1
DA:278,1
DA:280,1
DA:281,1
DA:282,1
DA:283,1
DA:285,1
DA:286,1
DA:287,1
DA:288,1
DA:289,1
DA:291,6
DA:293,6
LF:247
LH:161
BRDA:4,0,0,0
BRDA:6,1,0,6
BRDA:119,2,0,0
BRDA:120,3,0,0
BRDA:124,4,0,0
BRDA:176,5,0,1
BRDA:28,6,0,3
BRDA:35,7,0,0
BRDA:38,8,0,3
BRDA:48,9,0,3
BRDA:108,10,0,1
BRF:11
BRH:6
end_of_record
TN:
SF:src/components/dashboard/AyudanteView.jsx
FN:8,AyudanteView
FN:31,cambiarEstado
FN:142,onClick
FNF:3
FNH:3
FNDA:6,AyudanteView
FNDA:1,cambiarEstado
FNDA:1,onClick
DA:1,1
DA:2,1
DA:4,1
DA:6,1
DA:8,6
DA:9,6
DA:10,6
DA:11,6
DA:13,6
DA:15,6
DA:16,3
DA:17,3
DA:18,3
DA:19,3
DA:20,3
DA:22,3
DA:23,6
DA:25,6
DA:26,2
DA:27,2
DA:28,2
DA:29,6
DA:31,6
DA:32,1
DA:33,1
DA:35,1
DA:36,1
DA:37,1
DA:38,1
DA:39,1
DA:40,1
DA:41,1
DA:42,1
DA:43,1
DA:44,1
DA:46,1
DA:47,1
DA:48,1
DA:49,0
DA:50,0
DA:51,1
DA:53,6
DA:54,6
DA:55,6
DA:56,6
DA:58,6
DA:59,6
DA:62,6
DA:63,6
DA:65,6
DA:66,1
DA:68,6
DA:69,0
DA:72,6
DA:73,6
DA:74,2
DA:76,4
DA:77,4
DA:78,4
DA:79,4
DA:81,4
DA:82,4
DA:83,4
DA:84,4
DA:85,4
DA:86,4
DA:87,4
DA:88,4
DA:89,4
DA:90,4
DA:91,4
DA:92,4
DA:93,4
DA:95,4
DA:96,4
DA:97,4
DA:98,4
DA:100,4
DA:101,4
DA:102,4
DA:103,4
DA:104,4
DA:106,4
DA:107,4
DA:108,4
DA:110,4
DA:111,4
DA:112,4
DA:113,4
DA:114,4
DA:115,4
DA:116,4
DA:117,4
DA:119,4
DA:120,4
DA:122,4
DA:123,4
DA:124,4
DA:125,4
DA:126,4
DA:127,4
DA:128,4
DA:129,4
DA:131,4
DA:132,4
DA:133,4
DA:135,4
DA:136,4
DA:137,4
DA:138,16
DA:139,16
DA:140,16
DA:141,16
DA:142,16
DA:143,16
DA:145,16
DA:146,16
DA:147,4
DA:148,4
DA:150,0
DA:153,0
DA:155,4
DA:156,4
DA:158,6
DA:159,6
DA:161,6
LF:126
LH:121
BRDA:4,0,0,0
BRDA:8,1,0,6
BRDA:65,2,0,1
BRDA:68,3,0,0
BRDA:73,4,0,2
BRDA:74,5,0,4
BRDA:15,6,0,3
BRDA:22,7,0,0
BRDA:25,8,0,2
BRDA:31,9,0,1
BRDA:48,10,0,0
BRDA:76,11,0,4
BRDA:148,12,0,0
BRDA:137,13,0,16
BRDA:142,14,0,1
BRF:15
BRH:10
end_of_record
TN:
SF:src/components/dashboard/ProfesorView.jsx
FN:6,ProfesorView
FN:49,crearCurso
FN:94,onClick
FN:202,onClick
FN:213,onChange
FN:220,onChange
FN:235,onClick
FNF:7
FNH:5
FNDA:36,ProfesorView
FNDA:1,crearCurso
FNDA:2,onClick
FNDA:0,onClick
FNDA:24,onChange
FNDA:1,onChange
FNDA:0,onClick
DA:1,1
DA:2,1
DA:4,1
DA:6,36
DA:7,36
DA:8,36
DA:9,36
DA:10,36
DA:11,36
DA:12,36
DA:13,36
DA:15,36
DA:16,36
DA:18,36
DA:19,4
DA:20,4
DA:21,4
DA:22,4
DA:23,4
DA:25,4
DA:26,4
DA:27,4
DA:29,4
DA:30,36
DA:32,36
DA:33,3
DA:34,3
DA:35,3
DA:36,3
DA:37,3
DA:39,3
DA:40,36
DA:42,36
DA:43,4
DA:44,3
DA:45,3
DA:46,3
DA:47,36
DA:49,36
DA:50,1
DA:51,1
DA:52,1
DA:54,1
DA:55,1
DA:56,1
DA:57,1
DA:58,1
DA:59,1
DA:60,1
DA:61,1
DA:62,1
DA:63,1
DA:64,1
DA:65,1
DA:66,1
DA:67,1
DA:69,1
DA:70,1
DA:71,1
DA:72,1
DA:74,1
DA:75,1
DA:76,0
DA:77,0
DA:78,1
DA:80,36
DA:81,36
DA:82,36
DA:83,36
DA:84,36
DA:85,36
DA:86,36
DA:89,36
DA:90,36
DA:92,36
DA:93,36
DA:94,36
DA:95,2
DA:96,2
DA:97,2
DA:98,2
DA:99,36
DA:100,36
DA:102,36
DA:103,36
DA:105,36
DA:106,36
DA:108,36
DA:109,36
DA:110,4
DA:112,32
DA:113,32
DA:114,32
DA:115,32
DA:117,32
DA:118,32
DA:120,32
DA:121,32
DA:122,32
DA:123,32
DA:125,32
DA:126,32
DA:127,32
DA:128,32
DA:129,32
DA:131,32
DA:132,32
DA:134,32
DA:135,0
DA:137,0
DA:139,32
DA:140,32
DA:141,32
DA:142,32
DA:143,32
DA:145,32
DA:146,32
DA:147,32
DA:148,32
DA:150,32
DA:151,32
DA:152,32
DA:153,32
DA:155,32
DA:156,32
DA:157,32
DA:159,32
DA:160,32
DA:161,32
DA:162,32
DA:164,32
DA:165,32
DA:166,32
DA:167,32
DA:168,32
DA:169,32
DA:170,32
DA:172,32
DA:174,32
DA:175,32
DA:176,32
DA:177,32
DA:178,32
DA:179,32
DA:181,32
DA:182,32
DA:183,32
DA:184,32
DA:185,32
DA:187,32
DA:188,32
DA:189,32
DA:191,36
DA:192,36
DA:194,36
DA:195,28
DA:196,28
DA:197,28
DA:198,28
DA:200,28
DA:201,28
DA:202,28
DA:203,28
DA:204,28
DA:206,28
DA:207,28
DA:209,28
DA:210,28
DA:211,28
DA:212,28
DA:213,28
DA:214,28
DA:215,28
DA:216,28
DA:218,28
DA:219,28
DA:220,28
DA:221,28
DA:222,28
DA:224,28
DA:225,28
DA:226,28
DA:227,28
DA:228,28
DA:229,28
DA:230,28
DA:232,28
DA:233,28
DA:234,28
DA:235,28
DA:236,28
DA:237,28
DA:239,28
DA:241,28
DA:242,28
DA:243,28
DA:244,28
DA:246,28
DA:247,28
DA:248,28
DA:249,28
DA:250,28
DA:252,36
DA:254,36
LF:204
LH:200
BRDA:4,0,0,0
BRDA:6,1,0,36
BRDA:16,2,0,0
BRDA:105,3,0,1
BRDA:106,4,0,0
BRDA:109,5,0,4
BRDA:110,6,0,32
BRDA:194,7,0,28
BRDA:18,8,0,4
BRDA:25,9,0,0
BRDA:26,10,0,4
BRDA:32,11,0,3
BRDA:39,12,0,0
BRDA:42,13,0,4
BRDA:43,14,0,3
BRDA:49,15,0,1
BRDA:75,16,0,0
BRDA:94,17,0,2
BRDA:112,18,0,32
BRDA:134,19,0,0
BRDA:140,20,0,32
BRDA:213,21,0,24
BRDA:220,22,0,1
BRDA:225,23,0,28
BRF:24
BRH:17
end_of_record
TN:
SF:src/layouts/MainLayout.jsx
FN:1,(empty-report)
FNF:1
FNH:0
FNDA:0,(empty-report)
DA:1,0
DA:2,0
DA:3,0
DA:4,0
DA:6,0
DA:7,0
DA:9,0
DA:10,0
DA:11,0
DA:12,0
DA:14,0
DA:15,0
DA:16,0
DA:17,0
DA:19,0
DA:21,0
DA:22,0
DA:23,0
LF:18
LH:0
BRDA:1,0,0,0
BRF:1
BRH:0
end_of_record
TN:
SF:src/pages/Home.jsx
FN:8,formatLastAccess
FN:25,Home
FN:41,handleLogout
FN:48,renderView
FNF:4
FNH:4
FNDA:2,formatLastAccess
FNDA:2,Home
FNDA:1,handleLogout
FNDA:2,renderView
DA:1,1
DA:2,1
DA:3,1
DA:4,1
DA:5,1
DA:6,1
DA:8,1
DA:9,2
DA:10,0
DA:11,0
DA:13,2
DA:15,2
DA:16,0
DA:17,0
DA:19,2
DA:20,2
DA:21,2
DA:22,2
DA:23,2
DA:25,2
DA:26,2
DA:28,2
DA:29,2
DA:31,2
DA:32,0
DA:33,0
DA:34,2
DA:35,2
DA:36,2
DA:37,2
DA:38,2
DA:39,2
DA:41,2
DA:42,1
DA:43,1
DA:44,1
DA:45,1
DA:46,1
DA:48,2
DA:49,2
DA:50,2
DA:51,0
DA:52,2
DA:53,1
DA:54,2
DA:55,1
DA:56,2
DA:57,0
DA:59,2
DA:60,0
DA:61,2
DA:62,0
DA:63,2
DA:64,2
DA:66,2
DA:67,2
DA:68,2
DA:69,2
DA:71,2
DA:72,2
DA:73,2
DA:74,2
DA:75,2
DA:78,2
DA:79,2
DA:81,2
DA:82,2
DA:83,2
DA:85,2
DA:86,2
DA:87,2
DA:88,2
DA:90,2
DA:91,2
DA:93,2
DA:94,2
DA:95,2
DA:98,2
DA:99,2
DA:101,2
DA:102,2
DA:103,2
DA:104,2
DA:106,2
DA:108,2
DA:109,2
DA:110,2
DA:112,2
DA:113,2
DA:114,2
DA:116,2
DA:117,2
DA:118,2
DA:119,2
DA:121,2
LF:95
LH:85
BRDA:8,0,0,2
BRDA:9,1,0,0
BRDA:15,2,0,0
BRDA:25,3,0,2
BRDA:35,4,0,0
BRDA:36,5,0,0
BRDA:37,6,0,0
BRDA:38,7,0,0
BRDA:28,8,0,2
BRDA:31,9,0,0
BRDA:41,10,0,1
BRDA:48,11,0,2
BRDA:50,12,0,0
BRDA:52,13,0,1
BRDA:54,14,0,1
BRDA:56,15,0,0
BRDA:59,16,0,0
BRDA:61,17,0,0
BRF:18
BRH:7
end_of_record
TN:
SF:src/pages/Login.jsx
FN:7,Login
FN:23,handleSubmit
FN:99,onChange
FN:119,onChange
FNF:4
FNH:4
FNDA:51,Login
FNDA:2,handleSubmit
FNDA:30,onChange
FNDA:14,onChange
DA:1,1
DA:2,1
DA:3,1
DA:5,1
DA:7,51
DA:8,51
DA:10,51
DA:11,3
DA:13,3
DA:14,1
DA:15,1
DA:16,51
DA:18,51
DA:19,51
DA:20,51
DA:21,51
DA:23,51
DA:24,2
DA:25,2
DA:27,2
DA:28,2
DA:29,2
DA:30,2
DA:31,2
DA:33,1
DA:35,1
DA:38,1
DA:39,1
DA:40,1
DA:41,1
DA:42,1
DA:44,1
DA:46,2
DA:47,0
DA:48,2
DA:49,0
DA:50,1
DA:51,1
DA:52,1
DA:53,0
DA:54,0
DA:55,0
DA:56,0
DA:57,2
DA:58,1
DA:59,1
DA:60,1
DA:61,1
DA:62,0
DA:63,1
DA:64,2
DA:65,2
DA:66,2
DA:67,2
DA:68,51
DA:69,51
DA:71,51
DA:72,51
DA:74,51
DA:75,51
DA:78,51
DA:79,51
DA:80,51
DA:82,51
DA:84,51
DA:85,51
DA:86,51
DA:87,51
DA:88,51
DA:89,51
DA:91,51
DA:92,51
DA:93,51
DA:94,51
DA:98,51
DA:99,51
DA:100,51
DA:101,51
DA:102,51
DA:103,51
DA:105,51
DA:106,51
DA:107,51
DA:108,51
DA:109,51
DA:111,51
DA:112,51
DA:113,51
DA:114,51
DA:118,51
DA:119,51
DA:120,51
DA:121,51
DA:122,51
DA:123,51
DA:125,51
DA:126,51
DA:127,51
DA:128,51
DA:129,51
DA:130,51
DA:132,51
DA:133,51
DA:134,51
DA:135,51
DA:136,51
DA:137,51
DA:138,51
DA:139,51
DA:140,51
DA:141,51
DA:143,51
DA:144,51
DA:145,51
DA:146,51
DA:147,51
DA:149,51
LF:117
LH:110
BRDA:5,0,0,0
BRDA:7,1,0,51
BRDA:129,2,0,2
BRDA:129,3,0,49
BRDA:132,4,0,2
BRDA:132,5,0,49
BRDA:135,6,0,1
BRDA:10,7,0,3
BRDA:13,8,0,1
BRDA:23,9,0,2
BRDA:31,10,0,1
BRDA:46,11,0,0
BRDA:48,12,0,1
BRDA:48,13,0,0
BRDA:52,14,0,0
BRDA:57,15,0,1
BRDA:61,16,0,0
BRDA:99,17,0,30
BRDA:119,18,0,14
BRF:19
BRH:14
end_of_record
TN:
SF:src/pages/Register.jsx
FN:7,Register
FN:24,handleChange
FN:31,handleSubmit
FNF:3
FNH:3
FNDA:119,Register
FNDA:114,handleChange
FNDA:2,handleSubmit
DA:1,1
DA:2,1
DA:3,1
DA:5,1
DA:7,119
DA:8,119
DA:10,119
DA:11,119
DA:12,119
DA:13,119
DA:14,119
DA:15,119
DA:16,119
DA:17,119
DA:18,119
DA:20,119
DA:21,119
DA:22,119
DA:24,119
DA:25,114
DA:26,114
DA:27,114
DA:28,114
DA:29,114
DA:31,119
DA:32,2
DA:33,2
DA:34,2
DA:36,2
DA:37,1
DA:38,1
DA:39,1
DA:41,1
DA:43,1
DA:44,1
DA:45,1
DA:46,1
DA:47,1
DA:48,1
DA:49,1
DA:50,1
DA:51,1
DA:53,1
DA:55,1
DA:56,1
DA:57,1
DA:58,2
DA:59,0
DA:60,0
DA:61,0
DA:62,0
DA:63,0
DA:64,0
DA:65,2
DA:66,1
DA:67,1
DA:68,2
DA:70,119
DA:71,119
DA:72,119
DA:73,119
DA:74,119
DA:76,119
DA:78,119
DA:79,119
DA:81,119
DA:82,119
DA:83,119
DA:84,119
DA:85,119
DA:86,119
DA:87,119
DA:88,119
DA:89,119
DA:90,119
DA:91,119
DA:93,119
DA:94,119
DA:96,119
DA:97,119
DA:98,119
DA:99,119
DA:100,119
DA:101,119
DA:102,119
DA:103,119
DA:104,119
DA:105,119
DA:106,119
DA:108,119
DA:109,119
DA:111,119
DA:112,119
DA:113,119
DA:114,119
DA:115,119
DA:116,119
DA:117,119
DA:118,119
DA:119,119
DA:120,119
DA:121,119
DA:123,119
DA:124,119
DA:126,119
DA:127,119
DA:128,119
DA:129,119
DA:130,119
DA:131,119
DA:132,119
DA:133,119
DA:134,119
DA:135,119
DA:136,119
DA:138,119
DA:139,119
DA:141,119
DA:142,119
DA:143,119
DA:144,119
DA:145,119
DA:146,119
DA:147,119
DA:148,119
DA:149,119
DA:150,119
DA:151,119
DA:153,119
DA:154,119
DA:155,119
DA:156,119
DA:157,119
DA:159,119
DA:160,119
DA:161,119
DA:162,119
DA:163,119
DA:164,119
DA:165,119
DA:166,119
DA:167,119
DA:168,119
DA:169,119
DA:171,119
DA:172,119
DA:174,119
DA:175,119
DA:176,119
DA:177,119
DA:178,119
DA:179,119
DA:180,119
DA:182,119
DA:183,119
DA:184,119
DA:185,119
DA:186,119
DA:188,119
DA:189,119
DA:191,119
DA:192,119
DA:193,119
DA:194,119
DA:195,119
DA:196,119
DA:198,119
DA:199,119
DA:201,119
DA:202,119
DA:203,119
DA:205,119
DA:206,119
DA:207,119
DA:208,119
DA:210,119
LF:176
LH:170
BRDA:5,0,0,0
BRDA:7,1,0,119
BRDA:188,2,0,1
BRDA:189,3,0,1
BRDA:195,4,0,1
BRDA:195,5,0,118
BRDA:198,6,0,1
BRDA:198,7,0,118
BRDA:24,8,0,114
BRDA:31,9,0,2
BRDA:36,10,0,1
BRDA:58,11,0,0
BRDA:65,12,0,1
BRDA:55,13,0,1
BRF:14
BRH:12
end_of_record
