TN:
SF:src/App.jsx
FN:1,(empty-report)
FNF:1
FNH:0
FNDA:0,(empty-report)
DA:1,0
DA:2,0
DA:3,0
DA:4,0
DA:5,0
DA:6,0
DA:8,0
DA:9,0
DA:10,0
DA:11,0
DA:12,0
DA:13,0
DA:14,0
DA:15,0
DA:16,0
DA:17,0
DA:18,0
DA:19,0
DA:21,0
DA:22,0
DA:24,0
DA:25,0
LF:22
LH:0
BRDA:1,0,0,0
BRF:1
BRH:0
end_of_record
TN:
SF:src/main.jsx
FN:1,(empty-report)
FNF:1
FNH:0
FNDA:0,(empty-report)
DA:1,0
DA:2,0
DA:3,0
DA:4,0
DA:5,0
DA:7,0
DA:8,0
DA:9,0
DA:10,0
DA:11,0
LF:10
LH:0
BRDA:1,0,0,0
BRF:1
BRH:0
end_of_record
TN:
SF:src/components/Navbar.jsx
FN:5,Navbar
FN:10,handleLogout
FN:63,onToggleSidebar
FNF:3
FNH:2
FNDA:2,Navbar
FNDA:1,handleLogout
FNDA:0,onToggleSidebar
DA:1,1
DA:2,1
DA:3,1
DA:5,2
DA:6,2
DA:8,2
DA:10,2
DA:11,1
DA:12,1
DA:13,1
DA:14,1
DA:15,1
DA:17,2
DA:18,2
DA:19,2
DA:20,2
DA:21,2
DA:22,2
DA:23,2
DA:24,2
DA:26,2
DA:28,2
DA:29,2
DA:31,2
DA:32,2
DA:34,2
DA:35,2
DA:36,2
DA:38,2
DA:39,2
DA:40,2
DA:41,2
DA:42,2
DA:43,2
DA:44,2
DA:46,2
DA:47,2
DA:48,2
DA:49,2
DA:50,2
DA:52,2
DA:53,2
DA:54,2
DA:56,2
DA:58,1
DA:59,1
DA:60,1
DA:62,1
DA:63,1
DA:64,1
LF:50
LH:50
BRDA:5,0,0,2
BRDA:8,1,0,0
BRDA:42,2,0,0
BRDA:42,3,0,0
BRDA:10,4,0,1
BRF:5
BRH:2
end_of_record
TN:
SF:src/components/Sidebar.jsx
FN:5,Sidebar
FN:110,onClose
FNF:2
FNH:1
FNDA:3,Sidebar
FNDA:0,onClose
DA:1,1
DA:2,1
DA:3,1
DA:5,3
DA:6,3
DA:7,3
DA:9,3
DA:10,3
DA:11,3
DA:13,3
DA:14,3
DA:15,3
DA:16,3
DA:17,3
DA:18,3
DA:19,3
DA:20,3
DA:21,3
DA:24,3
DA:25,3
DA:26,3
DA:27,3
DA:29,3
DA:30,3
DA:31,3
DA:33,3
DA:34,3
DA:35,3
DA:37,3
DA:38,3
DA:39,3
DA:40,3
DA:41,3
DA:43,3
DA:44,3
DA:46,3
DA:47,3
DA:48,3
DA:49,3
DA:50,3
DA:51,3
DA:53,3
DA:55,3
DA:56,1
DA:57,1
DA:58,1
DA:59,1
DA:60,1
DA:62,1
DA:65,3
DA:66,1
DA:67,1
DA:68,1
DA:69,1
DA:70,1
DA:71,1
DA:73,1
DA:74,1
DA:75,1
DA:76,1
DA:77,1
DA:78,1
DA:80,1
DA:81,1
DA:84,3
DA:85,1
DA:86,1
DA:87,1
DA:88,1
DA:89,1
DA:91,1
DA:93,3
DA:95,3
DA:97,3
DA:98,3
DA:99,3
DA:101,3
DA:103,1
DA:104,1
DA:105,1
DA:106,1
DA:108,1
DA:109,1
DA:110,1
DA:111,1
LF:85
LH:85
BRDA:5,0,0,3
BRDA:6,1,0,0
BRDA:7,2,0,0
BRDA:26,3,0,0
BRDA:55,4,0,1
BRDA:65,5,0,1
BRDA:84,6,0,1
BRF:7
BRH:4
end_of_record
TN:
SF:src/components/dashboard/AdminView.jsx
FN:20,AdminView
FN:34,cargarMetricas
FN:193,onClick
FN:204,onClick
FNF:4
FNH:2
FNDA:5,AdminView
FNDA:2,cargarMetricas
FNDA:0,onClick
FNDA:0,onClick
DA:1,1
DA:2,1
DA:3,1
DA:5,1
DA:7,1
DA:8,1
DA:9,1
DA:10,1
DA:11,1
DA:12,1
DA:13,1
DA:14,1
DA:15,1
DA:16,1
DA:17,1
DA:18,1
DA:20,5
DA:21,5
DA:22,5
DA:23,5
DA:24,5
DA:26,5
DA:27,3
DA:29,3
DA:30,1
DA:31,1
DA:32,1
DA:34,2
DA:35,2
DA:36,2
DA:37,2
DA:38,2
DA:40,2
DA:41,2
DA:42,2
DA:43,2
DA:45,2
DA:46,2
DA:48,2
DA:49,2
DA:50,3
DA:51,3
DA:52,2
DA:54,2
DA:55,2
DA:56,2
DA:57,2
DA:58,2
DA:60,2
DA:61,2
DA:62,2
DA:63,2
DA:64,2
DA:65,2
DA:66,2
DA:67,2
DA:68,2
DA:69,2
DA:70,2
DA:71,2
DA:73,2
DA:74,2
DA:75,1
DA:76,1
DA:77,1
DA:78,1
DA:79,0
DA:80,1
DA:81,2
DA:82,2
DA:83,2
DA:84,2
DA:86,2
DA:87,5
DA:89,5
DA:90,5
DA:91,5
DA:92,5
DA:93,5
DA:94,5
DA:95,5
DA:96,5
DA:97,5
DA:98,5
DA:99,5
DA:100,5
DA:101,5
DA:102,5
DA:103,5
DA:104,5
DA:105,5
DA:106,5
DA:107,5
DA:108,5
DA:109,5
DA:110,5
DA:111,5
DA:112,5
DA:113,5
DA:114,5
DA:115,5
DA:116,5
DA:117,5
DA:118,5
DA:119,5
DA:120,5
DA:121,5
DA:122,5
DA:123,5
DA:124,5
DA:125,5
DA:126,5
DA:127,5
DA:128,5
DA:129,5
DA:130,5
DA:131,5
DA:132,5
DA:133,5
DA:134,5
DA:135,5
DA:136,5
DA:137,5
DA:138,5
DA:139,5
DA:140,5
DA:142,5
DA:143,5
DA:144,5
DA:145,5
DA:147,5
DA:148,5
DA:150,5
DA:151,5
DA:154,5
DA:155,5
DA:157,5
DA:158,3
DA:160,3
DA:163,5
DA:164,1
DA:165,1
DA:166,1
DA:169,5
DA:170,1
DA:171,1
DA:172,10
DA:173,10
DA:174,10
DA:176,10
DA:177,10
DA:178,10
DA:179,10
DA:180,10
DA:181,10
DA:182,10
DA:183,10
DA:184,10
DA:185,10
DA:186,1
DA:187,1
DA:190,5
DA:191,5
DA:192,5
DA:193,5
DA:194,5
DA:196,5
DA:198,5
DA:199,5
DA:200,5
DA:202,5
DA:203,5
DA:204,5
DA:205,5
DA:207,5
DA:209,5
DA:210,5
DA:212,5
DA:213,5
DA:215,5
DA:216,5
DA:217,5
DA:219,5
DA:221,5
DA:222,5
DA:224,5
DA:225,5
DA:226,5
DA:227,5
DA:229,5
LF:190
LH:189
BRDA:5,0,0,0
BRDA:20,1,0,5
BRDA:157,2,0,3
BRDA:163,3,0,2
BRDA:163,4,0,1
BRDA:169,5,0,2
BRDA:169,6,0,1
BRDA:26,7,0,3
BRDA:29,8,0,1
BRDA:32,9,0,2
BRDA:34,10,0,2
BRDA:43,11,0,1
BRDA:45,12,0,0
BRDA:46,13,0,0
BRDA:62,14,0,0
BRDA:63,15,0,0
BRDA:64,16,0,1
BRDA:65,17,0,0
BRDA:66,18,0,1
BRDA:68,19,0,0
BRDA:69,20,0,1
BRDA:70,21,0,0
BRDA:74,22,0,1
BRDA:78,23,0,0
BRDA:49,24,0,3
BRDA:55,25,0,2
BRDA:171,26,0,10
BRF:27
BRH:18
end_of_record
TN:
SF:src/components/dashboard/AlumnoView.jsx
FN:3,AlumnoView
FNF:1
FNH:1
FNDA:2,AlumnoView
DA:1,1
DA:3,2
DA:4,2
DA:5,2
DA:6,2
DA:8,2
DA:10,2
DA:12,2
DA:14,2
DA:16,2
DA:17,2
DA:19,2
LF:12
LH:12
BRDA:3,0,0,2
BRF:1
BRH:1
end_of_record
TN:
SF:src/components/dashboard/ProfesorView.jsx
FN:3,ProfesorView
FNF:1
FNH:1
FNDA:2,ProfesorView
DA:1,1
DA:3,2
DA:4,2
DA:5,2
DA:6,2
DA:8,2
DA:10,2
DA:12,2
DA:14,2
DA:16,2
DA:17,2
DA:19,2
LF:12
LH:12
BRDA:3,0,0,2
BRF:1
BRH:1
end_of_record
TN:
SF:src/layouts/MainLayout.jsx
FN:1,(empty-report)
FNF:1
FNH:0
FNDA:0,(empty-report)
DA:1,0
DA:2,0
DA:3,0
DA:4,0
DA:6,0
DA:7,0
DA:9,0
DA:10,0
DA:11,0
DA:12,0
DA:14,0
DA:15,0
DA:16,0
DA:17,0
DA:19,0
DA:21,0
DA:22,0
DA:23,0
LF:18
LH:0
BRDA:1,0,0,0
BRF:1
BRH:0
end_of_record
TN:
SF:src/pages/Home.jsx
FN:7,formatLastAccess
FN:24,Home
FN:40,handleLogout
FN:47,renderView
FNF:4
FNH:4
FNDA:2,formatLastAccess
FNDA:2,Home
FNDA:1,handleLogout
FNDA:2,renderView
DA:1,1
DA:2,1
DA:3,1
DA:4,1
DA:5,1
DA:7,1
DA:8,2
DA:9,0
DA:10,0
DA:12,2
DA:14,2
DA:15,0
DA:16,0
DA:18,2
DA:19,2
DA:20,2
DA:21,2
DA:22,2
DA:24,2
DA:25,2
DA:27,2
DA:28,2
DA:30,2
DA:31,0
DA:32,0
DA:33,2
DA:34,2
DA:35,2
DA:36,2
DA:37,2
DA:38,2
DA:40,2
DA:41,1
DA:42,1
DA:43,1
DA:44,1
DA:45,1
DA:47,2
DA:48,2
DA:49,2
DA:50,0
DA:51,2
DA:52,1
DA:53,2
DA:54,1
DA:55,2
DA:56,0
DA:58,2
DA:59,0
DA:60,2
DA:61,0
DA:62,2
DA:63,2
DA:65,2
DA:66,2
DA:67,2
DA:68,2
DA:70,2
DA:71,2
DA:72,2
DA:73,2
DA:74,2
DA:77,2
DA:78,2
DA:80,2
DA:81,2
DA:82,2
DA:84,2
DA:85,2
DA:86,2
DA:87,2
DA:89,2
DA:90,2
DA:92,2
DA:93,2
DA:94,2
DA:97,2
DA:98,2
DA:100,2
DA:101,2
DA:102,2
DA:103,2
DA:105,2
DA:107,2
DA:108,2
DA:109,2
DA:111,2
DA:112,2
DA:113,2
DA:115,2
DA:116,2
DA:117,2
DA:118,2
DA:120,2
LF:94
LH:84
BRDA:7,0,0,2
BRDA:8,1,0,0
BRDA:14,2,0,0
BRDA:24,3,0,2
BRDA:34,4,0,0
BRDA:35,5,0,0
BRDA:36,6,0,0
BRDA:37,7,0,0
BRDA:27,8,0,2
BRDA:30,9,0,0
BRDA:40,10,0,1
BRDA:47,11,0,2
BRDA:49,12,0,0
BRDA:51,13,0,1
BRDA:53,14,0,1
BRDA:55,15,0,0
BRDA:58,16,0,0
BRDA:60,17,0,0
BRF:18
BRH:7
end_of_record
TN:
SF:src/pages/Login.jsx
FN:7,Login
FN:23,handleSubmit
FN:99,onChange
FN:119,onChange
FNF:4
FNH:4
FNDA:51,Login
FNDA:2,handleSubmit
FNDA:30,onChange
FNDA:14,onChange
DA:1,1
DA:2,1
DA:3,1
DA:5,1
DA:7,51
DA:8,51
DA:10,51
DA:11,3
DA:13,3
DA:14,1
DA:15,1
DA:16,51
DA:18,51
DA:19,51
DA:20,51
DA:21,51
DA:23,51
DA:24,2
DA:25,2
DA:27,2
DA:28,2
DA:29,2
DA:30,2
DA:31,2
DA:33,1
DA:35,1
DA:38,1
DA:39,1
DA:40,1
DA:41,1
DA:42,1
DA:44,1
DA:46,2
DA:47,0
DA:48,2
DA:49,0
DA:50,1
DA:51,1
DA:52,1
DA:53,0
DA:54,0
DA:55,0
DA:56,0
DA:57,2
DA:58,1
DA:59,1
DA:60,1
DA:61,1
DA:62,0
DA:63,1
DA:64,2
DA:65,2
DA:66,2
DA:67,2
DA:68,51
DA:69,51
DA:71,51
DA:72,51
DA:74,51
DA:75,51
DA:78,51
DA:79,51
DA:80,51
DA:82,51
DA:84,51
DA:85,51
DA:86,51
DA:87,51
DA:88,51
DA:89,51
DA:91,51
DA:92,51
DA:93,51
DA:94,51
DA:98,51
DA:99,51
DA:100,51
DA:101,51
DA:102,51
DA:103,51
DA:105,51
DA:106,51
DA:107,51
DA:108,51
DA:109,51
DA:111,51
DA:112,51
DA:113,51
DA:114,51
DA:118,51
DA:119,51
DA:120,51
DA:121,51
DA:122,51
DA:123,51
DA:125,51
DA:126,51
DA:127,51
DA:128,51
DA:129,51
DA:130,51
DA:132,51
DA:133,51
DA:134,51
DA:135,51
DA:136,51
DA:137,51
DA:138,51
DA:139,51
DA:140,51
DA:141,51
DA:143,51
DA:144,51
DA:145,51
DA:146,51
DA:147,51
DA:149,51
LF:117
LH:110
BRDA:5,0,0,0
BRDA:7,1,0,51
BRDA:129,2,0,2
BRDA:129,3,0,49
BRDA:132,4,0,2
BRDA:132,5,0,49
BRDA:135,6,0,1
BRDA:10,7,0,3
BRDA:13,8,0,1
BRDA:23,9,0,2
BRDA:31,10,0,1
BRDA:46,11,0,0
BRDA:48,12,0,1
BRDA:48,13,0,0
BRDA:52,14,0,0
BRDA:57,15,0,1
BRDA:61,16,0,0
BRDA:99,17,0,30
BRDA:119,18,0,14
BRF:19
BRH:14
end_of_record
TN:
SF:src/pages/Register.jsx
FN:7,Register
FN:24,handleChange
FN:31,handleSubmit
FNF:3
FNH:3
FNDA:119,Register
FNDA:114,handleChange
FNDA:2,handleSubmit
DA:1,1
DA:2,1
DA:3,1
DA:5,1
DA:7,119
DA:8,119
DA:10,119
DA:11,119
DA:12,119
DA:13,119
DA:14,119
DA:15,119
DA:16,119
DA:17,119
DA:18,119
DA:20,119
DA:21,119
DA:22,119
DA:24,119
DA:25,114
DA:26,114
DA:27,114
DA:28,114
DA:29,114
DA:31,119
DA:32,2
DA:33,2
DA:34,2
DA:36,2
DA:37,1
DA:38,1
DA:39,1
DA:41,1
DA:43,1
DA:44,1
DA:45,1
DA:46,1
DA:47,1
DA:48,1
DA:49,1
DA:50,1
DA:51,1
DA:53,1
DA:55,1
DA:56,1
DA:57,1
DA:58,2
DA:59,0
DA:60,0
DA:61,0
DA:62,0
DA:63,0
DA:64,0
DA:65,2
DA:66,1
DA:67,1
DA:68,2
DA:70,119
DA:71,119
DA:72,119
DA:73,119
DA:74,119
DA:76,119
DA:78,119
DA:79,119
DA:81,119
DA:82,119
DA:83,119
DA:84,119
DA:85,119
DA:86,119
DA:87,119
DA:88,119
DA:89,119
DA:90,119
DA:91,119
DA:93,119
DA:94,119
DA:96,119
DA:97,119
DA:98,119
DA:99,119
DA:100,119
DA:101,119
DA:102,119
DA:103,119
DA:104,119
DA:105,119
DA:106,119
DA:108,119
DA:109,119
DA:111,119
DA:112,119
DA:113,119
DA:114,119
DA:115,119
DA:116,119
DA:117,119
DA:118,119
DA:119,119
DA:120,119
DA:121,119
DA:123,119
DA:124,119
DA:126,119
DA:127,119
DA:128,119
DA:129,119
DA:130,119
DA:131,119
DA:132,119
DA:133,119
DA:134,119
DA:135,119
DA:136,119
DA:138,119
DA:139,119
DA:141,119
DA:142,119
DA:143,119
DA:144,119
DA:145,119
DA:146,119
DA:147,119
DA:148,119
DA:149,119
DA:150,119
DA:151,119
DA:153,119
DA:154,119
DA:155,119
DA:156,119
DA:157,119
DA:159,119
DA:160,119
DA:161,119
DA:162,119
DA:163,119
DA:164,119
DA:165,119
DA:166,119
DA:167,119
DA:168,119
DA:169,119
DA:171,119
DA:172,119
DA:174,119
DA:175,119
DA:176,119
DA:177,119
DA:178,119
DA:179,119
DA:180,119
DA:182,119
DA:183,119
DA:184,119
DA:185,119
DA:186,119
DA:188,119
DA:189,119
DA:191,119
DA:192,119
DA:193,119
DA:194,119
DA:195,119
DA:196,119
DA:198,119
DA:199,119
DA:201,119
DA:202,119
DA:203,119
DA:205,119
DA:206,119
DA:207,119
DA:208,119
DA:210,119
LF:176
LH:170
BRDA:5,0,0,0
BRDA:7,1,0,119
BRDA:188,2,0,1
BRDA:189,3,0,1
BRDA:195,4,0,1
BRDA:195,5,0,118
BRDA:198,6,0,1
BRDA:198,7,0,118
BRDA:24,8,0,114
BRDA:31,9,0,2
BRDA:36,10,0,1
BRDA:58,11,0,0
BRDA:65,12,0,1
BRDA:55,13,0,1
BRF:14
BRH:12
end_of_record
