{"E:\\proyecto-makerbox-G07\\backend\\src\\index.js": {"path":"E:\\proyecto-makerbox-G07\\backend\\src\\index.js","statementMap":{"0":{"start":{"line":1,"column":0},"end":{"line":1,"column":27}},"1":{"start":{"line":2,"column":16},"end":{"line":2,"column":34}},"2":{"start":{"line":3,"column":13},"end":{"line":3,"column":28}},"3":{"start":{"line":4,"column":22},"end":{"line":4,"column":55}},"4":{"start":{"line":5,"column":23},"end":{"line":5,"column":57}},"5":{"start":{"line":7,"column":12},"end":{"line":7,"column":21}},"6":{"start":{"line":9,"column":13},"end":{"line":9,"column":37}},"7":{"start":{"line":11,"column":0},"end":{"line":11,"column":16}},"8":{"start":{"line":12,"column":0},"end":{"line":12,"column":24}},"9":{"start":{"line":13,"column":0},"end":{"line":13,"column":40}},"10":{"start":{"line":14,"column":0},"end":{"line":14,"column":41}},"11":{"start":{"line":16,"column":0},"end":{"line":18,"column":3}},"12":{"start":{"line":17,"column":2},"end":{"line":17,"column":50}},"13":{"start":{"line":20,"column":0},"end":{"line":24,"column":1}},"14":{"start":{"line":21,"column":2},"end":{"line":23,"column":5}},"15":{"start":{"line":22,"column":4},"end":{"line":22,"column":71}},"16":{"start":{"line":26,"column":0},"end":{"line":26,"column":21}}},"fnMap":{"0":{"name":"(anonymous_0)","decl":{"start":{"line":16,"column":13},"end":{"line":16,"column":14}},"loc":{"start":{"line":16,"column":27},"end":{"line":18,"column":1}},"line":16},"1":{"name":"(anonymous_1)","decl":{"start":{"line":21,"column":19},"end":{"line":21,"column":20}},"loc":{"start":{"line":21,"column":25},"end":{"line":23,"column":3}},"line":21}},"branchMap":{"0":{"loc":{"start":{"line":9,"column":13},"end":{"line":9,"column":37}},"type":"binary-expr","locations":[{"start":{"line":9,"column":13},"end":{"line":9,"column":29}},{"start":{"line":9,"column":33},"end":{"line":9,"column":37}}],"line":9},"1":{"loc":{"start":{"line":20,"column":0},"end":{"line":24,"column":1}},"type":"if","locations":[{"start":{"line":20,"column":0},"end":{"line":24,"column":1}},{"start":{},"end":{}}],"line":20}},"s":{"0":2,"1":2,"2":2,"3":2,"4":2,"5":2,"6":2,"7":2,"8":2,"9":2,"10":2,"11":2,"12":0,"13":2,"14":0,"15":0,"16":2},"f":{"0":0,"1":0},"b":{"0":[2,0],"1":[0,2]},"_coverageSchema":"1a1c01bbd47fc00a2c39e90264f33305004495a9","hash":"c132771551b04813ce5a8bacfd0505990fab2d4d"}
,"E:\\proyecto-makerbox-G07\\backend\\src\\controllers\\SemestreController.js": {"path":"E:\\proyecto-makerbox-G07\\backend\\src\\controllers\\SemestreController.js","statementMap":{"0":{"start":{"line":1,"column":24},"end":{"line":1,"column":62}},"1":{"start":{"line":3,"column":22},"end":{"line":25,"column":1}},"2":{"start":{"line":4,"column":2},"end":{"line":24,"column":3}},"3":{"start":{"line":5,"column":61},"end":{"line":5,"column":69}},"4":{"start":{"line":6,"column":24},"end":{"line":6,"column":27}},"5":{"start":{"line":8,"column":26},"end":{"line":15,"column":5}},"6":{"start":{"line":17,"column":4},"end":{"line":19,"column":7}},"7":{"start":{"line":21,"column":4},"end":{"line":23,"column":7}},"8":{"start":{"line":27,"column":25},"end":{"line":45,"column":1}},"9":{"start":{"line":28,"column":2},"end":{"line":44,"column":3}},"10":{"start":{"line":29,"column":27},"end":{"line":29,"column":37}},"11":{"start":{"line":30,"column":24},"end":{"line":30,"column":27}},"12":{"start":{"line":32,"column":30},"end":{"line":35,"column":5}},"13":{"start":{"line":37,"column":4},"end":{"line":39,"column":7}},"14":{"start":{"line":41,"column":4},"end":{"line":43,"column":7}},"15":{"start":{"line":47,"column":25},"end":{"line":58,"column":1}},"16":{"start":{"line":48,"column":2},"end":{"line":57,"column":3}},"17":{"start":{"line":49,"column":22},"end":{"line":49,"column":70}},"18":{"start":{"line":50,"column":4},"end":{"line":52,"column":7}},"19":{"start":{"line":54,"column":4},"end":{"line":56,"column":7}},"20":{"start":{"line":60,"column":29},"end":{"line":74,"column":1}},"21":{"start":{"line":61,"column":2},"end":{"line":73,"column":3}},"22":{"start":{"line":62,"column":27},"end":{"line":62,"column":37}},"23":{"start":{"line":63,"column":21},"end":{"line":65,"column":5}},"24":{"start":{"line":66,"column":4},"end":{"line":68,"column":7}},"25":{"start":{"line":70,"column":4},"end":{"line":72,"column":7}},"26":{"start":{"line":76,"column":0},"end":{"line":81,"column":2}}},"fnMap":{"0":{"name":"(anonymous_0)","decl":{"start":{"line":3,"column":22},"end":{"line":3,"column":23}},"loc":{"start":{"line":3,"column":42},"end":{"line":25,"column":1}},"line":3},"1":{"name":"(anonymous_1)","decl":{"start":{"line":27,"column":25},"end":{"line":27,"column":26}},"loc":{"start":{"line":27,"column":45},"end":{"line":45,"column":1}},"line":27},"2":{"name":"(anonymous_2)","decl":{"start":{"line":47,"column":25},"end":{"line":47,"column":26}},"loc":{"start":{"line":47,"column":45},"end":{"line":58,"column":1}},"line":47},"3":{"name":"(anonymous_3)","decl":{"start":{"line":60,"column":29},"end":{"line":60,"column":30}},"loc":{"start":{"line":60,"column":49},"end":{"line":74,"column":1}},"line":60}},"branchMap":{"0":{"loc":{"start":{"line":22,"column":15},"end":{"line":22,"column":60}},"type":"binary-expr","locations":[{"start":{"line":22,"column":15},"end":{"line":22,"column":28}},{"start":{"line":22,"column":32},"end":{"line":22,"column":60}}],"line":22},"1":{"loc":{"start":{"line":42,"column":15},"end":{"line":42,"column":63}},"type":"binary-expr","locations":[{"start":{"line":42,"column":15},"end":{"line":42,"column":28}},{"start":{"line":42,"column":32},"end":{"line":42,"column":63}}],"line":42},"2":{"loc":{"start":{"line":55,"column":15},"end":{"line":55,"column":64}},"type":"binary-expr","locations":[{"start":{"line":55,"column":15},"end":{"line":55,"column":28}},{"start":{"line":55,"column":32},"end":{"line":55,"column":64}}],"line":55},"3":{"loc":{"start":{"line":71,"column":15},"end":{"line":71,"column":62}},"type":"binary-expr","locations":[{"start":{"line":71,"column":15},"end":{"line":71,"column":28}},{"start":{"line":71,"column":32},"end":{"line":71,"column":62}}],"line":71}},"s":{"0":2,"1":2,"2":2,"3":2,"4":2,"5":2,"6":1,"7":1,"8":2,"9":2,"10":2,"11":2,"12":2,"13":1,"14":1,"15":2,"16":1,"17":1,"18":1,"19":0,"20":2,"21":0,"22":0,"23":0,"24":0,"25":0,"26":2},"f":{"0":2,"1":2,"2":1,"3":0},"b":{"0":[1,0],"1":[1,0],"2":[0,0],"3":[0,0]},"_coverageSchema":"1a1c01bbd47fc00a2c39e90264f33305004495a9","hash":"032ba80586f7a2f82fd772d2e565782459fcc0b5"}
,"E:\\proyecto-makerbox-G07\\backend\\src\\controllers\\UsuarioController.js": {"path":"E:\\proyecto-makerbox-G07\\backend\\src\\controllers\\UsuarioController.js","statementMap":{"0":{"start":{"line":1,"column":23},"end":{"line":1,"column":60}},"1":{"start":{"line":3,"column":25},"end":{"line":28,"column":1}},"2":{"start":{"line":4,"column":2},"end":{"line":27,"column":3}},"3":{"start":{"line":5,"column":63},"end":{"line":5,"column":71}},"4":{"start":{"line":7,"column":25},"end":{"line":14,"column":5}},"5":{"start":{"line":16,"column":4},"end":{"line":19,"column":7}},"6":{"start":{"line":21,"column":4},"end":{"line":23,"column":6}},"7":{"start":{"line":24,"column":4},"end":{"line":26,"column":7}},"8":{"start":{"line":30,"column":21},"end":{"line":51,"column":1}},"9":{"start":{"line":31,"column":2},"end":{"line":50,"column":3}},"10":{"start":{"line":32,"column":35},"end":{"line":32,"column":43}},"11":{"start":{"line":34,"column":27},"end":{"line":37,"column":5}},"12":{"start":{"line":39,"column":4},"end":{"line":42,"column":7}},"13":{"start":{"line":44,"column":4},"end":{"line":46,"column":6}},"14":{"start":{"line":47,"column":4},"end":{"line":49,"column":7}},"15":{"start":{"line":53,"column":24},"end":{"line":72,"column":1}},"16":{"start":{"line":54,"column":2},"end":{"line":71,"column":3}},"17":{"start":{"line":55,"column":23},"end":{"line":55,"column":33}},"18":{"start":{"line":56,"column":24},"end":{"line":56,"column":27}},"19":{"start":{"line":58,"column":29},"end":{"line":61,"column":5}},"20":{"start":{"line":63,"column":4},"end":{"line":66,"column":7}},"21":{"start":{"line":68,"column":4},"end":{"line":70,"column":7}},"22":{"start":{"line":74,"column":32},"end":{"line":93,"column":1}},"23":{"start":{"line":75,"column":2},"end":{"line":92,"column":3}},"24":{"start":{"line":76,"column":23},"end":{"line":76,"column":33}},"25":{"start":{"line":77,"column":24},"end":{"line":77,"column":27}},"26":{"start":{"line":79,"column":28},"end":{"line":82,"column":5}},"27":{"start":{"line":84,"column":4},"end":{"line":87,"column":7}},"28":{"start":{"line":89,"column":4},"end":{"line":91,"column":7}},"29":{"start":{"line":95,"column":29},"end":{"line":110,"column":1}},"30":{"start":{"line":96,"column":2},"end":{"line":109,"column":3}},"31":{"start":{"line":97,"column":24},"end":{"line":97,"column":27}},"32":{"start":{"line":99,"column":26},"end":{"line":99,"column":76}},"33":{"start":{"line":101,"column":4},"end":{"line":104,"column":7}},"34":{"start":{"line":106,"column":4},"end":{"line":108,"column":7}},"35":{"start":{"line":112,"column":0},"end":{"line":118,"column":2}}},"fnMap":{"0":{"name":"(anonymous_0)","decl":{"start":{"line":3,"column":25},"end":{"line":3,"column":26}},"loc":{"start":{"line":3,"column":45},"end":{"line":28,"column":1}},"line":3},"1":{"name":"(anonymous_1)","decl":{"start":{"line":30,"column":21},"end":{"line":30,"column":22}},"loc":{"start":{"line":30,"column":41},"end":{"line":51,"column":1}},"line":30},"2":{"name":"(anonymous_2)","decl":{"start":{"line":53,"column":24},"end":{"line":53,"column":25}},"loc":{"start":{"line":53,"column":44},"end":{"line":72,"column":1}},"line":53},"3":{"name":"(anonymous_3)","decl":{"start":{"line":74,"column":32},"end":{"line":74,"column":33}},"loc":{"start":{"line":74,"column":52},"end":{"line":93,"column":1}},"line":74},"4":{"name":"(anonymous_4)","decl":{"start":{"line":95,"column":29},"end":{"line":95,"column":30}},"loc":{"start":{"line":95,"column":49},"end":{"line":110,"column":1}},"line":95}},"branchMap":{"0":{"loc":{"start":{"line":22,"column":37},"end":{"line":22,"column":59}},"type":"binary-expr","locations":[{"start":{"line":22,"column":37},"end":{"line":22,"column":50}},{"start":{"line":22,"column":54},"end":{"line":22,"column":59}}],"line":22},"1":{"loc":{"start":{"line":25,"column":15},"end":{"line":25,"column":60}},"type":"binary-expr","locations":[{"start":{"line":25,"column":15},"end":{"line":25,"column":28}},{"start":{"line":25,"column":32},"end":{"line":25,"column":60}}],"line":25},"2":{"loc":{"start":{"line":45,"column":34},"end":{"line":45,"column":56}},"type":"binary-expr","locations":[{"start":{"line":45,"column":34},"end":{"line":45,"column":47}},{"start":{"line":45,"column":51},"end":{"line":45,"column":56}}],"line":45},"3":{"loc":{"start":{"line":48,"column":15},"end":{"line":48,"column":57}},"type":"binary-expr","locations":[{"start":{"line":48,"column":15},"end":{"line":48,"column":28}},{"start":{"line":48,"column":32},"end":{"line":48,"column":57}}],"line":48},"4":{"loc":{"start":{"line":69,"column":15},"end":{"line":69,"column":57}},"type":"binary-expr","locations":[{"start":{"line":69,"column":15},"end":{"line":69,"column":28}},{"start":{"line":69,"column":32},"end":{"line":69,"column":57}}],"line":69},"5":{"loc":{"start":{"line":90,"column":15},"end":{"line":90,"column":58}},"type":"binary-expr","locations":[{"start":{"line":90,"column":15},"end":{"line":90,"column":28}},{"start":{"line":90,"column":32},"end":{"line":90,"column":58}}],"line":90},"6":{"loc":{"start":{"line":107,"column":15},"end":{"line":107,"column":68}},"type":"binary-expr","locations":[{"start":{"line":107,"column":15},"end":{"line":107,"column":28}},{"start":{"line":107,"column":32},"end":{"line":107,"column":68}}],"line":107}},"s":{"0":2,"1":2,"2":2,"3":2,"4":2,"5":1,"6":1,"7":1,"8":2,"9":2,"10":2,"11":2,"12":1,"13":1,"14":1,"15":2,"16":2,"17":2,"18":2,"19":2,"20":1,"21":1,"22":2,"23":0,"24":0,"25":0,"26":0,"27":0,"28":0,"29":2,"30":2,"31":2,"32":2,"33":1,"34":1,"35":2},"f":{"0":2,"1":2,"2":2,"3":0,"4":2},"b":{"0":[1,0],"1":[1,0],"2":[1,0],"3":[1,0],"4":[1,0],"5":[0,0],"6":[1,0]},"_coverageSchema":"1a1c01bbd47fc00a2c39e90264f33305004495a9","hash":"1ee39b5eb83abb22d2a28405cb07df60421ed513"}
,"E:\\proyecto-makerbox-G07\\backend\\src\\middlewares\\validarLogin.js": {"path":"E:\\proyecto-makerbox-G07\\backend\\src\\middlewares\\validarLogin.js","statementMap":{"0":{"start":{"line":1,"column":21},"end":{"line":12,"column":1}},"1":{"start":{"line":2,"column":33},"end":{"line":2,"column":41}},"2":{"start":{"line":5,"column":2},"end":{"line":9,"column":3}},"3":{"start":{"line":6,"column":4},"end":{"line":8,"column":65}},"4":{"start":{"line":11,"column":2},"end":{"line":11,"column":16}},"5":{"start":{"line":14,"column":0},"end":{"line":16,"column":2}}},"fnMap":{"0":{"name":"(anonymous_0)","decl":{"start":{"line":1,"column":21},"end":{"line":1,"column":22}},"loc":{"start":{"line":1,"column":41},"end":{"line":12,"column":1}},"line":1}},"branchMap":{"0":{"loc":{"start":{"line":5,"column":2},"end":{"line":9,"column":3}},"type":"if","locations":[{"start":{"line":5,"column":2},"end":{"line":9,"column":3}},{"start":{},"end":{}}],"line":5},"1":{"loc":{"start":{"line":5,"column":6},"end":{"line":5,"column":28}},"type":"binary-expr","locations":[{"start":{"line":5,"column":6},"end":{"line":5,"column":13}},{"start":{"line":5,"column":17},"end":{"line":5,"column":28}}],"line":5}},"s":{"0":3,"1":5,"2":5,"3":2,"4":3,"5":3},"f":{"0":5},"b":{"0":[2,3],"1":[5,5]},"_coverageSchema":"1a1c01bbd47fc00a2c39e90264f33305004495a9","hash":"ef666a4368e8de53711b80289aa824b66f63b714"}
,"E:\\proyecto-makerbox-G07\\backend\\src\\middlewares\\validarRegistro.js": {"path":"E:\\proyecto-makerbox-G07\\backend\\src\\middlewares\\validarRegistro.js","statementMap":{"0":{"start":{"line":1,"column":24},"end":{"line":34,"column":1}},"1":{"start":{"line":2,"column":61},"end":{"line":2,"column":69}},"2":{"start":{"line":5,"column":2},"end":{"line":9,"column":3}},"3":{"start":{"line":6,"column":4},"end":{"line":8,"column":62}},"4":{"start":{"line":12,"column":22},"end":{"line":12,"column":51}},"5":{"start":{"line":13,"column":2},"end":{"line":15,"column":3}},"6":{"start":{"line":14,"column":4},"end":{"line":14,"column":68}},"7":{"start":{"line":19,"column":4},"end":{"line":19,"column":59}},"8":{"start":{"line":20,"column":2},"end":{"line":25,"column":3}},"9":{"start":{"line":21,"column":4},"end":{"line":24,"column":7}},"10":{"start":{"line":28,"column":23},"end":{"line":28,"column":52}},"11":{"start":{"line":29,"column":2},"end":{"line":31,"column":3}},"12":{"start":{"line":30,"column":4},"end":{"line":30,"column":65}},"13":{"start":{"line":33,"column":2},"end":{"line":33,"column":16}},"14":{"start":{"line":36,"column":0},"end":{"line":38,"column":2}}},"fnMap":{"0":{"name":"(anonymous_0)","decl":{"start":{"line":1,"column":24},"end":{"line":1,"column":25}},"loc":{"start":{"line":1,"column":44},"end":{"line":34,"column":1}},"line":1}},"branchMap":{"0":{"loc":{"start":{"line":5,"column":2},"end":{"line":9,"column":3}},"type":"if","locations":[{"start":{"line":5,"column":2},"end":{"line":9,"column":3}},{"start":{},"end":{}}],"line":5},"1":{"loc":{"start":{"line":5,"column":6},"end":{"line":5,"column":68}},"type":"binary-expr","locations":[{"start":{"line":5,"column":6},"end":{"line":5,"column":10}},{"start":{"line":5,"column":14},"end":{"line":5,"column":21}},{"start":{"line":5,"column":25},"end":{"line":5,"column":34}},{"start":{"line":5,"column":38},"end":{"line":5,"column":45}},{"start":{"line":5,"column":49},"end":{"line":5,"column":60}},{"start":{"line":5,"column":64},"end":{"line":5,"column":68}}],"line":5},"2":{"loc":{"start":{"line":13,"column":2},"end":{"line":15,"column":3}},"type":"if","locations":[{"start":{"line":13,"column":2},"end":{"line":15,"column":3}},{"start":{},"end":{}}],"line":13},"3":{"loc":{"start":{"line":20,"column":2},"end":{"line":25,"column":3}},"type":"if","locations":[{"start":{"line":20,"column":2},"end":{"line":25,"column":3}},{"start":{},"end":{}}],"line":20},"4":{"loc":{"start":{"line":29,"column":2},"end":{"line":31,"column":3}},"type":"if","locations":[{"start":{"line":29,"column":2},"end":{"line":31,"column":3}},{"start":{},"end":{}}],"line":29}},"s":{"0":3,"1":7,"2":7,"3":2,"4":5,"5":5,"6":1,"7":4,"8":4,"9":1,"10":3,"11":3,"12":0,"13":3,"14":3},"f":{"0":7},"b":{"0":[2,5],"1":[7,5,5,5,5,5],"2":[1,4],"3":[1,3],"4":[0,3]},"_coverageSchema":"1a1c01bbd47fc00a2c39e90264f33305004495a9","hash":"a9bdb452019812973834e5f130e9e132244c3f85"}
,"E:\\proyecto-makerbox-G07\\backend\\src\\middlewares\\validarSemestre.js": {"path":"E:\\proyecto-makerbox-G07\\backend\\src\\middlewares\\validarSemestre.js","statementMap":{"0":{"start":{"line":1,"column":24},"end":{"line":50,"column":1}},"1":{"start":{"line":2,"column":59},"end":{"line":2,"column":67}},"2":{"start":{"line":5,"column":2},"end":{"line":9,"column":3}},"3":{"start":{"line":6,"column":4},"end":{"line":8,"column":71}},"4":{"start":{"line":12,"column":2},"end":{"line":16,"column":3}},"5":{"start":{"line":13,"column":4},"end":{"line":15,"column":7}},"6":{"start":{"line":20,"column":2},"end":{"line":24,"column":3}},"7":{"start":{"line":21,"column":4},"end":{"line":23,"column":7}},"8":{"start":{"line":26,"column":2},"end":{"line":35,"column":3}},"9":{"start":{"line":27,"column":27},"end":{"line":27,"column":49}},"10":{"start":{"line":29,"column":4},"end":{"line":34,"column":5}},"11":{"start":{"line":30,"column":6},"end":{"line":33,"column":9}},"12":{"start":{"line":37,"column":2},"end":{"line":41,"column":3}},"13":{"start":{"line":38,"column":4},"end":{"line":40,"column":7}},"14":{"start":{"line":43,"column":2},"end":{"line":47,"column":3}},"15":{"start":{"line":44,"column":4},"end":{"line":46,"column":7}},"16":{"start":{"line":49,"column":2},"end":{"line":49,"column":16}},"17":{"start":{"line":52,"column":0},"end":{"line":54,"column":2}}},"fnMap":{"0":{"name":"(anonymous_0)","decl":{"start":{"line":1,"column":24},"end":{"line":1,"column":25}},"loc":{"start":{"line":1,"column":44},"end":{"line":50,"column":1}},"line":1}},"branchMap":{"0":{"loc":{"start":{"line":5,"column":2},"end":{"line":9,"column":3}},"type":"if","locations":[{"start":{"line":5,"column":2},"end":{"line":9,"column":3}},{"start":{},"end":{}}],"line":5},"1":{"loc":{"start":{"line":5,"column":6},"end":{"line":5,"column":52}},"type":"binary-expr","locations":[{"start":{"line":5,"column":6},"end":{"line":5,"column":11}},{"start":{"line":5,"column":15},"end":{"line":5,"column":23}},{"start":{"line":5,"column":27},"end":{"line":5,"column":39}},{"start":{"line":5,"column":43},"end":{"line":5,"column":52}}],"line":5},"2":{"loc":{"start":{"line":12,"column":2},"end":{"line":16,"column":3}},"type":"if","locations":[{"start":{"line":12,"column":2},"end":{"line":16,"column":3}},{"start":{},"end":{}}],"line":12},"3":{"loc":{"start":{"line":12,"column":6},"end":{"line":12,"column":59}},"type":"binary-expr","locations":[{"start":{"line":12,"column":6},"end":{"line":12,"column":29}},{"start":{"line":12,"column":33},"end":{"line":12,"column":59}}],"line":12},"4":{"loc":{"start":{"line":20,"column":2},"end":{"line":24,"column":3}},"type":"if","locations":[{"start":{"line":20,"column":2},"end":{"line":24,"column":3}},{"start":{},"end":{}}],"line":20},"5":{"loc":{"start":{"line":20,"column":6},"end":{"line":20,"column":67}},"type":"binary-expr","locations":[{"start":{"line":20,"column":6},"end":{"line":20,"column":36}},{"start":{"line":20,"column":40},"end":{"line":20,"column":67}}],"line":20},"6":{"loc":{"start":{"line":26,"column":2},"end":{"line":35,"column":3}},"type":"if","locations":[{"start":{"line":26,"column":2},"end":{"line":35,"column":3}},{"start":{},"end":{}}],"line":26},"7":{"loc":{"start":{"line":29,"column":4},"end":{"line":34,"column":5}},"type":"if","locations":[{"start":{"line":29,"column":4},"end":{"line":34,"column":5}},{"start":{},"end":{}}],"line":29},"8":{"loc":{"start":{"line":37,"column":2},"end":{"line":41,"column":3}},"type":"if","locations":[{"start":{"line":37,"column":2},"end":{"line":41,"column":3}},{"start":{},"end":{}}],"line":37},"9":{"loc":{"start":{"line":43,"column":2},"end":{"line":47,"column":3}},"type":"if","locations":[{"start":{"line":43,"column":2},"end":{"line":47,"column":3}},{"start":{},"end":{}}],"line":43},"10":{"loc":{"start":{"line":43,"column":6},"end":{"line":43,"column":36}},"type":"binary-expr","locations":[{"start":{"line":43,"column":6},"end":{"line":43,"column":19}},{"start":{"line":43,"column":23},"end":{"line":43,"column":36}}],"line":43}},"s":{"0":3,"1":6,"2":6,"3":1,"4":5,"5":1,"6":4,"7":0,"8":4,"9":4,"10":4,"11":1,"12":3,"13":0,"14":3,"15":0,"16":3,"17":3},"f":{"0":6},"b":{"0":[1,5],"1":[6,6,5,5],"2":[1,4],"3":[5,4],"4":[0,4],"5":[4,4],"6":[4,0],"7":[1,3],"8":[0,3],"9":[0,3],"10":[3,0]},"_coverageSchema":"1a1c01bbd47fc00a2c39e90264f33305004495a9","hash":"06743dbad2c3f33b803507cf14bcf362ba6c9c8c"}
,"E:\\proyecto-makerbox-G07\\backend\\src\\middlewares\\validarToken.js": {"path":"E:\\proyecto-makerbox-G07\\backend\\src\\middlewares\\validarToken.js","statementMap":{"0":{"start":{"line":1,"column":12},"end":{"line":1,"column":35}},"1":{"start":{"line":3,"column":21},"end":{"line":23,"column":1}},"2":{"start":{"line":4,"column":2},"end":{"line":22,"column":3}},"3":{"start":{"line":5,"column":17},"end":{"line":5,"column":42}},"4":{"start":{"line":6,"column":4},"end":{"line":10,"column":5}},"5":{"start":{"line":7,"column":6},"end":{"line":9,"column":9}},"6":{"start":{"line":12,"column":18},"end":{"line":12,"column":36}},"7":{"start":{"line":13,"column":30},"end":{"line":13,"column":71}},"8":{"start":{"line":15,"column":4},"end":{"line":15,"column":36}},"9":{"start":{"line":17,"column":4},"end":{"line":17,"column":18}},"10":{"start":{"line":19,"column":4},"end":{"line":21,"column":7}},"11":{"start":{"line":25,"column":0},"end":{"line":27,"column":2}}},"fnMap":{"0":{"name":"(anonymous_0)","decl":{"start":{"line":3,"column":21},"end":{"line":3,"column":22}},"loc":{"start":{"line":3,"column":41},"end":{"line":23,"column":1}},"line":3}},"branchMap":{"0":{"loc":{"start":{"line":6,"column":4},"end":{"line":10,"column":5}},"type":"if","locations":[{"start":{"line":6,"column":4},"end":{"line":10,"column":5}},{"start":{},"end":{}}],"line":6},"1":{"loc":{"start":{"line":20,"column":15},"end":{"line":20,"column":59}},"type":"binary-expr","locations":[{"start":{"line":20,"column":15},"end":{"line":20,"column":28}},{"start":{"line":20,"column":32},"end":{"line":20,"column":59}}],"line":20}},"s":{"0":3,"1":3,"2":12,"3":12,"4":12,"5":2,"6":10,"7":10,"8":10,"9":10,"10":0,"11":3},"f":{"0":12},"b":{"0":[2,10],"1":[0,0]},"_coverageSchema":"1a1c01bbd47fc00a2c39e90264f33305004495a9","hash":"92f4f612620ef3836507b02d519f73b358dab7f4"}
,"E:\\proyecto-makerbox-G07\\backend\\src\\routes\\SemestreRoutes.js": {"path":"E:\\proyecto-makerbox-G07\\backend\\src\\routes\\SemestreRoutes.js","statementMap":{"0":{"start":{"line":1,"column":19},"end":{"line":1,"column":37}},"1":{"start":{"line":2,"column":25},"end":{"line":2,"column":63}},"2":{"start":{"line":3,"column":28},"end":{"line":3,"column":69}},"3":{"start":{"line":4,"column":27},"end":{"line":4,"column":71}},"4":{"start":{"line":6,"column":15},"end":{"line":6,"column":23}},"5":{"start":{"line":9,"column":0},"end":{"line":14,"column":2}},"6":{"start":{"line":15,"column":0},"end":{"line":19,"column":2}},"7":{"start":{"line":20,"column":0},"end":{"line":20,"column":68}},"8":{"start":{"line":21,"column":0},"end":{"line":21,"column":53}},"9":{"start":{"line":23,"column":0},"end":{"line":23,"column":24}}},"fnMap":{},"branchMap":{},"s":{"0":2,"1":2,"2":2,"3":2,"4":2,"5":2,"6":2,"7":2,"8":2,"9":2},"f":{},"b":{},"_coverageSchema":"1a1c01bbd47fc00a2c39e90264f33305004495a9","hash":"316236d5de0b0ff38ae0bdac2a086e080c7133f6"}
,"E:\\proyecto-makerbox-G07\\backend\\src\\routes\\UsuarioRoutes.js": {"path":"E:\\proyecto-makerbox-G07\\backend\\src\\routes\\UsuarioRoutes.js","statementMap":{"0":{"start":{"line":1,"column":19},"end":{"line":1,"column":37}},"1":{"start":{"line":2,"column":26},"end":{"line":2,"column":69}},"2":{"start":{"line":3,"column":28},"end":{"line":3,"column":69}},"3":{"start":{"line":4,"column":25},"end":{"line":4,"column":63}},"4":{"start":{"line":5,"column":25},"end":{"line":5,"column":63}},"5":{"start":{"line":7,"column":15},"end":{"line":7,"column":23}},"6":{"start":{"line":10,"column":0},"end":{"line":10,"column":78}},"7":{"start":{"line":11,"column":0},"end":{"line":11,"column":68}},"8":{"start":{"line":12,"column":0},"end":{"line":16,"column":2}},"9":{"start":{"line":17,"column":0},"end":{"line":17,"column":80}},"10":{"start":{"line":18,"column":0},"end":{"line":18,"column":70}},"11":{"start":{"line":20,"column":0},"end":{"line":20,"column":24}}},"fnMap":{},"branchMap":{},"s":{"0":2,"1":2,"2":2,"3":2,"4":2,"5":2,"6":2,"7":2,"8":2,"9":2,"10":2,"11":2},"f":{},"b":{},"_coverageSchema":"1a1c01bbd47fc00a2c39e90264f33305004495a9","hash":"6894c165a27e1f1d803ed472eaf566aa265ef67c"}
,"E:\\proyecto-makerbox-G07\\backend\\src\\services\\SemestreService.js": {"path":"E:\\proyecto-makerbox-G07\\backend\\src\\services\\SemestreService.js","statementMap":{"0":{"start":{"line":1,"column":25},"end":{"line":1,"column":50}},"1":{"start":{"line":3,"column":15},"end":{"line":3,"column":33}},"2":{"start":{"line":5,"column":22},"end":{"line":33,"column":1}},"3":{"start":{"line":14,"column":2},"end":{"line":16,"column":3}},"4":{"start":{"line":15,"column":4},"end":{"line":15,"column":65}},"5":{"start":{"line":19,"column":24},"end":{"line":27,"column":4}},"6":{"start":{"line":29,"column":2},"end":{"line":32,"column":4}},"7":{"start":{"line":35,"column":25},"end":{"line":61,"column":1}},"8":{"start":{"line":37,"column":2},"end":{"line":39,"column":3}},"9":{"start":{"line":38,"column":4},"end":{"line":38,"column":65}},"10":{"start":{"line":41,"column":29},"end":{"line":45,"column":4}},"11":{"start":{"line":47,"column":2},"end":{"line":49,"column":3}},"12":{"start":{"line":48,"column":4},"end":{"line":48,"column":65}},"13":{"start":{"line":51,"column":28},"end":{"line":55,"column":4}},"14":{"start":{"line":57,"column":2},"end":{"line":60,"column":4}},"15":{"start":{"line":63,"column":33},"end":{"line":76,"column":1}},"16":{"start":{"line":64,"column":20},"end":{"line":73,"column":4}},"17":{"start":{"line":75,"column":2},"end":{"line":75,"column":19}},"18":{"start":{"line":78,"column":29},"end":{"line":90,"column":1}},"19":{"start":{"line":79,"column":19},"end":{"line":83,"column":4}},"20":{"start":{"line":85,"column":2},"end":{"line":87,"column":3}},"21":{"start":{"line":86,"column":4},"end":{"line":86,"column":65}},"22":{"start":{"line":89,"column":2},"end":{"line":89,"column":18}},"23":{"start":{"line":92,"column":0},"end":{"line":97,"column":2}}},"fnMap":{"0":{"name":"(anonymous_0)","decl":{"start":{"line":5,"column":22},"end":{"line":5,"column":23}},"loc":{"start":{"line":12,"column":5},"end":{"line":33,"column":1}},"line":12},"1":{"name":"(anonymous_1)","decl":{"start":{"line":35,"column":25},"end":{"line":35,"column":26}},"loc":{"start":{"line":35,"column":56},"end":{"line":61,"column":1}},"line":35},"2":{"name":"(anonymous_2)","decl":{"start":{"line":63,"column":33},"end":{"line":63,"column":34}},"loc":{"start":{"line":63,"column":45},"end":{"line":76,"column":1}},"line":63},"3":{"name":"(anonymous_3)","decl":{"start":{"line":78,"column":29},"end":{"line":78,"column":30}},"loc":{"start":{"line":78,"column":51},"end":{"line":90,"column":1}},"line":78}},"branchMap":{"0":{"loc":{"start":{"line":14,"column":2},"end":{"line":16,"column":3}},"type":"if","locations":[{"start":{"line":14,"column":2},"end":{"line":16,"column":3}},{"start":{},"end":{}}],"line":14},"1":{"loc":{"start":{"line":37,"column":2},"end":{"line":39,"column":3}},"type":"if","locations":[{"start":{"line":37,"column":2},"end":{"line":39,"column":3}},{"start":{},"end":{}}],"line":37},"2":{"loc":{"start":{"line":47,"column":2},"end":{"line":49,"column":3}},"type":"if","locations":[{"start":{"line":47,"column":2},"end":{"line":49,"column":3}},{"start":{},"end":{}}],"line":47},"3":{"loc":{"start":{"line":85,"column":2},"end":{"line":87,"column":3}},"type":"if","locations":[{"start":{"line":85,"column":2},"end":{"line":87,"column":3}},{"start":{},"end":{}}],"line":85}},"s":{"0":3,"1":3,"2":3,"3":4,"4":2,"5":2,"6":2,"7":3,"8":2,"9":0,"10":2,"11":2,"12":1,"13":1,"14":1,"15":3,"16":1,"17":1,"18":3,"19":0,"20":0,"21":0,"22":0,"23":3},"f":{"0":4,"1":2,"2":1,"3":0},"b":{"0":[2,2],"1":[0,2],"2":[1,1],"3":[0,0]},"_coverageSchema":"1a1c01bbd47fc00a2c39e90264f33305004495a9","hash":"5f5dfcfcfc9bc64f9eb261befe9142a040de7c83"}
,"E:\\proyecto-makerbox-G07\\backend\\src\\services\\UsuarioService.js": {"path":"E:\\proyecto-makerbox-G07\\backend\\src\\services\\UsuarioService.js","statementMap":{"0":{"start":{"line":1,"column":25},"end":{"line":1,"column":50}},"1":{"start":{"line":2,"column":15},"end":{"line":2,"column":34}},"2":{"start":{"line":3,"column":12},"end":{"line":3,"column":35}},"3":{"start":{"line":5,"column":15},"end":{"line":5,"column":33}},"4":{"start":{"line":7,"column":25},"end":{"line":51,"column":1}},"5":{"start":{"line":16,"column":27},"end":{"line":20,"column":4}},"6":{"start":{"line":22,"column":2},"end":{"line":24,"column":3}},"7":{"start":{"line":23,"column":4},"end":{"line":23,"column":52}},"8":{"start":{"line":27,"column":15},"end":{"line":27,"column":39}},"9":{"start":{"line":28,"column":31},"end":{"line":28,"column":66}},"10":{"start":{"line":31,"column":23},"end":{"line":40,"column":4}},"11":{"start":{"line":42,"column":19},"end":{"line":48,"column":3}},"12":{"start":{"line":50,"column":2},"end":{"line":50,"column":18}},"13":{"start":{"line":53,"column":21},"end":{"line":90,"column":1}},"14":{"start":{"line":55,"column":26},"end":{"line":59,"column":4}},"15":{"start":{"line":60,"column":2},"end":{"line":62,"column":3}},"16":{"start":{"line":61,"column":4},"end":{"line":61,"column":55}},"17":{"start":{"line":65,"column":27},"end":{"line":68,"column":3}},"18":{"start":{"line":69,"column":2},"end":{"line":71,"column":3}},"19":{"start":{"line":70,"column":4},"end":{"line":70,"column":55}},"20":{"start":{"line":73,"column":21},"end":{"line":76,"column":3}},"21":{"start":{"line":78,"column":16},"end":{"line":80,"column":4}},"22":{"start":{"line":82,"column":2},"end":{"line":89,"column":4}},"23":{"start":{"line":92,"column":24},"end":{"line":117,"column":1}},"24":{"start":{"line":93,"column":2},"end":{"line":95,"column":3}},"25":{"start":{"line":94,"column":4},"end":{"line":94,"column":67}},"26":{"start":{"line":97,"column":28},"end":{"line":101,"column":4}},"27":{"start":{"line":103,"column":2},"end":{"line":105,"column":3}},"28":{"start":{"line":104,"column":4},"end":{"line":104,"column":63}},"29":{"start":{"line":107,"column":26},"end":{"line":111,"column":4}},"30":{"start":{"line":113,"column":2},"end":{"line":116,"column":4}},"31":{"start":{"line":119,"column":32},"end":{"line":141,"column":1}},"32":{"start":{"line":120,"column":2},"end":{"line":122,"column":3}},"33":{"start":{"line":121,"column":4},"end":{"line":121,"column":67}},"34":{"start":{"line":124,"column":28},"end":{"line":128,"column":4}},"35":{"start":{"line":130,"column":2},"end":{"line":132,"column":3}},"36":{"start":{"line":131,"column":4},"end":{"line":131,"column":63}},"37":{"start":{"line":134,"column":2},"end":{"line":140,"column":4}},"38":{"start":{"line":143,"column":29},"end":{"line":159,"column":1}},"39":{"start":{"line":144,"column":2},"end":{"line":146,"column":3}},"40":{"start":{"line":145,"column":4},"end":{"line":145,"column":67}},"41":{"start":{"line":148,"column":24},"end":{"line":156,"column":4}},"42":{"start":{"line":158,"column":2},"end":{"line":158,"column":23}},"43":{"start":{"line":161,"column":0},"end":{"line":167,"column":2}}},"fnMap":{"0":{"name":"(anonymous_0)","decl":{"start":{"line":7,"column":25},"end":{"line":7,"column":26}},"loc":{"start":{"line":14,"column":5},"end":{"line":51,"column":1}},"line":14},"1":{"name":"(anonymous_1)","decl":{"start":{"line":53,"column":21},"end":{"line":53,"column":22}},"loc":{"start":{"line":53,"column":51},"end":{"line":90,"column":1}},"line":53},"2":{"name":"(anonymous_2)","decl":{"start":{"line":92,"column":24},"end":{"line":92,"column":25}},"loc":{"start":{"line":92,"column":59},"end":{"line":117,"column":1}},"line":92},"3":{"name":"(anonymous_3)","decl":{"start":{"line":119,"column":32},"end":{"line":119,"column":33}},"loc":{"start":{"line":119,"column":59},"end":{"line":141,"column":1}},"line":119},"4":{"name":"(anonymous_4)","decl":{"start":{"line":143,"column":29},"end":{"line":143,"column":30}},"loc":{"start":{"line":143,"column":48},"end":{"line":159,"column":1}},"line":143}},"branchMap":{"0":{"loc":{"start":{"line":22,"column":2},"end":{"line":24,"column":3}},"type":"if","locations":[{"start":{"line":22,"column":2},"end":{"line":24,"column":3}},{"start":{},"end":{}}],"line":22},"1":{"loc":{"start":{"line":60,"column":2},"end":{"line":62,"column":3}},"type":"if","locations":[{"start":{"line":60,"column":2},"end":{"line":62,"column":3}},{"start":{},"end":{}}],"line":60},"2":{"loc":{"start":{"line":69,"column":2},"end":{"line":71,"column":3}},"type":"if","locations":[{"start":{"line":69,"column":2},"end":{"line":71,"column":3}},{"start":{},"end":{}}],"line":69},"3":{"loc":{"start":{"line":93,"column":2},"end":{"line":95,"column":3}},"type":"if","locations":[{"start":{"line":93,"column":2},"end":{"line":95,"column":3}},{"start":{},"end":{}}],"line":93},"4":{"loc":{"start":{"line":103,"column":2},"end":{"line":105,"column":3}},"type":"if","locations":[{"start":{"line":103,"column":2},"end":{"line":105,"column":3}},{"start":{},"end":{}}],"line":103},"5":{"loc":{"start":{"line":120,"column":2},"end":{"line":122,"column":3}},"type":"if","locations":[{"start":{"line":120,"column":2},"end":{"line":122,"column":3}},{"start":{},"end":{}}],"line":120},"6":{"loc":{"start":{"line":130,"column":2},"end":{"line":132,"column":3}},"type":"if","locations":[{"start":{"line":130,"column":2},"end":{"line":132,"column":3}},{"start":{},"end":{}}],"line":130},"7":{"loc":{"start":{"line":144,"column":2},"end":{"line":146,"column":3}},"type":"if","locations":[{"start":{"line":144,"column":2},"end":{"line":146,"column":3}},{"start":{},"end":{}}],"line":144}},"s":{"0":3,"1":3,"2":3,"3":3,"4":3,"5":4,"6":4,"7":2,"8":2,"9":2,"10":2,"11":2,"12":2,"13":3,"14":4,"15":4,"16":2,"17":2,"18":2,"19":0,"20":2,"21":2,"22":2,"23":3,"24":3,"25":1,"26":2,"27":2,"28":1,"29":1,"30":1,"31":3,"32":0,"33":0,"34":0,"35":0,"36":0,"37":0,"38":3,"39":2,"40":1,"41":1,"42":1,"43":3},"f":{"0":4,"1":4,"2":3,"3":0,"4":2},"b":{"0":[2,2],"1":[2,2],"2":[0,2],"3":[1,2],"4":[1,1],"5":[0,0],"6":[0,0],"7":[1,1]},"_coverageSchema":"1a1c01bbd47fc00a2c39e90264f33305004495a9","hash":"553c52239a797af12b3c97915405a0376c871b77"}
}
