TN:
SF:src/index.js
FN:16,(anonymous_0)
FN:20,(anonymous_1)
FNF:2
FNH:0
FNDA:0,(anonymous_0)
FNDA:0,(anonymous_1)
DA:1,0
DA:2,0
DA:3,0
DA:4,0
DA:5,0
DA:7,0
DA:9,0
DA:11,0
DA:12,0
DA:13,0
DA:14,0
DA:16,0
DA:17,0
DA:20,0
DA:21,0
LF:15
LH:0
BRDA:9,0,0,0
BRDA:9,0,1,0
BRF:2
BRH:0
end_of_record
TN:
SF:src/controllers/SemestreController.js
FN:3,(anonymous_0)
FN:27,(anonymous_1)
FN:47,(anonymous_2)
FN:60,(anonymous_3)
FNF:4
FNH:0
FNDA:0,(anonymous_0)
FNDA:0,(anonymous_1)
FNDA:0,(anonymous_2)
FNDA:0,(anonymous_3)
DA:1,0
DA:3,0
DA:4,0
DA:5,0
DA:6,0
DA:8,0
DA:17,0
DA:21,0
DA:27,0
DA:28,0
DA:29,0
DA:30,0
DA:32,0
DA:37,0
DA:41,0
DA:47,0
DA:48,0
DA:49,0
DA:50,0
DA:54,0
DA:60,0
DA:61,0
DA:62,0
DA:63,0
DA:64,0
DA:68,0
DA:74,0
LF:27
LH:0
BRDA:22,0,0,0
BRDA:22,0,1,0
BRDA:42,1,0,0
BRDA:42,1,1,0
BRDA:55,2,0,0
BRDA:55,2,1,0
BRDA:69,3,0,0
BRDA:69,3,1,0
BRF:8
BRH:0
end_of_record
TN:
SF:src/controllers/UsuarioController.js
FN:3,(anonymous_0)
FN:30,(anonymous_1)
FN:53,(anonymous_2)
FN:74,(anonymous_3)
FN:95,(anonymous_4)
FNF:5
FNH:0
FNDA:0,(anonymous_0)
FNDA:0,(anonymous_1)
FNDA:0,(anonymous_2)
FNDA:0,(anonymous_3)
FNDA:0,(anonymous_4)
DA:1,0
DA:3,0
DA:4,0
DA:5,0
DA:7,0
DA:16,0
DA:21,0
DA:24,0
DA:30,0
DA:31,0
DA:32,0
DA:34,0
DA:39,0
DA:44,0
DA:47,0
DA:53,0
DA:54,0
DA:55,0
DA:56,0
DA:58,0
DA:63,0
DA:68,0
DA:74,0
DA:75,0
DA:76,0
DA:77,0
DA:79,0
DA:84,0
DA:89,0
DA:95,0
DA:96,0
DA:97,0
DA:99,0
DA:101,0
DA:106,0
DA:112,0
LF:36
LH:0
BRDA:22,0,0,0
BRDA:22,0,1,0
BRDA:25,1,0,0
BRDA:25,1,1,0
BRDA:45,2,0,0
BRDA:45,2,1,0
BRDA:48,3,0,0
BRDA:48,3,1,0
BRDA:69,4,0,0
BRDA:69,4,1,0
BRDA:90,5,0,0
BRDA:90,5,1,0
BRDA:107,6,0,0
BRDA:107,6,1,0
BRF:14
BRH:0
end_of_record
TN:
SF:src/middlewares/validarLogin.js
FN:1,(anonymous_0)
FNF:1
FNH:1
FNDA:2,(anonymous_0)
DA:1,1
DA:2,2
DA:5,2
DA:6,1
DA:11,1
DA:14,1
LF:6
LH:6
BRDA:5,0,0,1
BRDA:5,0,1,1
BRDA:5,1,0,2
BRDA:5,1,1,2
BRF:4
BRH:4
end_of_record
TN:
SF:src/middlewares/validarRegistro.js
FN:1,(anonymous_0)
FNF:1
FNH:1
FNDA:4,(anonymous_0)
DA:1,1
DA:2,4
DA:5,4
DA:6,1
DA:12,3
DA:13,3
DA:14,1
DA:19,2
DA:20,2
DA:21,1
DA:28,1
DA:29,1
DA:30,0
DA:33,1
DA:36,1
LF:15
LH:14
BRDA:5,0,0,1
BRDA:5,0,1,3
BRDA:5,1,0,4
BRDA:5,1,1,3
BRDA:5,1,2,3
BRDA:5,1,3,3
BRDA:5,1,4,3
BRDA:5,1,5,3
BRDA:13,2,0,1
BRDA:13,2,1,2
BRDA:20,3,0,1
BRDA:20,3,1,1
BRDA:29,4,0,0
BRDA:29,4,1,1
BRF:14
BRH:13
end_of_record
TN:
SF:src/middlewares/validarSemestre.js
FN:1,(anonymous_0)
FNF:1
FNH:1
FNDA:3,(anonymous_0)
DA:1,1
DA:2,3
DA:5,3
DA:6,0
DA:12,3
DA:13,1
DA:20,2
DA:21,0
DA:26,2
DA:27,2
DA:29,2
DA:30,1
DA:37,1
DA:40,1
LF:14
LH:12
BRDA:5,0,0,0
BRDA:5,0,1,3
BRDA:5,1,0,3
BRDA:5,1,1,3
BRDA:5,1,2,3
BRDA:5,1,3,3
BRDA:12,2,0,1
BRDA:12,2,1,2
BRDA:12,3,0,3
BRDA:12,3,1,2
BRDA:20,4,0,0
BRDA:20,4,1,2
BRDA:20,5,0,2
BRDA:20,5,1,2
BRDA:26,6,0,2
BRDA:26,6,1,0
BRDA:29,7,0,1
BRDA:29,7,1,1
BRF:18
BRH:15
end_of_record
TN:
SF:src/middlewares/validarToken.js
FN:3,(anonymous_0)
FNF:1
FNH:1
FNDA:2,(anonymous_0)
DA:1,1
DA:3,1
DA:4,2
DA:5,2
DA:6,2
DA:7,1
DA:12,1
DA:13,1
DA:15,1
DA:17,1
DA:19,0
DA:25,1
LF:12
LH:11
BRDA:6,0,0,1
BRDA:6,0,1,1
BRDA:20,1,0,0
BRDA:20,1,1,0
BRF:4
BRH:2
end_of_record
TN:
SF:src/routes/SemestreRoutes.js
FNF:0
FNH:0
DA:1,0
DA:2,0
DA:3,0
DA:4,0
DA:6,0
DA:9,0
DA:15,0
DA:20,0
DA:21,0
DA:23,0
LF:10
LH:0
BRF:0
BRH:0
end_of_record
TN:
SF:src/routes/UsuarioRoutes.js
FNF:0
FNH:0
DA:1,0
DA:2,0
DA:3,0
DA:4,0
DA:5,0
DA:7,0
DA:10,0
DA:11,0
DA:12,0
DA:17,0
DA:18,0
DA:20,0
LF:12
LH:0
BRF:0
BRH:0
end_of_record
TN:
SF:src/services/SemestreService.js
FN:5,(anonymous_0)
FN:35,(anonymous_1)
FN:63,(anonymous_2)
FN:78,(anonymous_3)
FNF:4
FNH:1
FNDA:2,(anonymous_0)
FNDA:0,(anonymous_1)
FNDA:0,(anonymous_2)
FNDA:0,(anonymous_3)
DA:1,1
DA:3,1
DA:5,1
DA:14,2
DA:15,1
DA:19,1
DA:29,1
DA:35,1
DA:37,0
DA:38,0
DA:41,0
DA:47,0
DA:48,0
DA:51,0
DA:57,0
DA:63,1
DA:64,0
DA:75,0
DA:78,1
DA:79,0
DA:85,0
DA:86,0
DA:89,0
DA:92,1
LF:24
LH:11
BRDA:14,0,0,1
BRDA:14,0,1,1
BRDA:37,1,0,0
BRDA:37,1,1,0
BRDA:47,2,0,0
BRDA:47,2,1,0
BRDA:85,3,0,0
BRDA:85,3,1,0
BRF:8
BRH:2
end_of_record
TN:
SF:src/services/UsuarioService.js
FN:7,(anonymous_0)
FN:53,(anonymous_1)
FN:92,(anonymous_2)
FN:119,(anonymous_3)
FN:143,(anonymous_4)
FNF:5
FNH:3
FNDA:2,(anonymous_0)
FNDA:2,(anonymous_1)
FNDA:1,(anonymous_2)
FNDA:0,(anonymous_3)
FNDA:0,(anonymous_4)
DA:1,1
DA:2,1
DA:3,1
DA:5,1
DA:7,1
DA:16,2
DA:22,2
DA:23,1
DA:27,1
DA:28,1
DA:31,1
DA:42,1
DA:50,1
DA:53,1
DA:55,2
DA:60,2
DA:61,1
DA:65,1
DA:69,1
DA:70,0
DA:73,1
DA:78,1
DA:82,1
DA:92,1
DA:93,1
DA:94,1
DA:97,0
DA:103,0
DA:104,0
DA:107,0
DA:113,0
DA:119,1
DA:120,0
DA:121,0
DA:124,0
DA:130,0
DA:131,0
DA:134,0
DA:143,1
DA:144,0
DA:145,0
DA:148,0
DA:158,0
DA:161,1
LF:44
LH:28
BRDA:22,0,0,1
BRDA:22,0,1,1
BRDA:60,1,0,1
BRDA:60,1,1,1
BRDA:69,2,0,0
BRDA:69,2,1,1
BRDA:93,3,0,1
BRDA:93,3,1,0
BRDA:103,4,0,0
BRDA:103,4,1,0
BRDA:120,5,0,0
BRDA:120,5,1,0
BRDA:130,6,0,0
BRDA:130,6,1,0
BRDA:144,7,0,0
BRDA:144,7,1,0
BRF:16
BRH:6
end_of_record
