TN:
SF:src\index.js
FN:16,(anonymous_0)
FN:21,(anonymous_1)
FNF:2
FNH:0
FNDA:0,(anonymous_0)
FNDA:0,(anonymous_1)
DA:1,2
DA:2,2
DA:3,2
DA:4,2
DA:5,2
DA:7,2
DA:9,2
DA:11,2
DA:12,2
DA:13,2
DA:14,2
DA:16,2
DA:17,0
DA:20,2
DA:21,0
DA:22,0
DA:26,2
LF:17
LH:14
BRDA:9,0,0,2
BRDA:9,0,1,0
BRDA:20,1,0,0
BRDA:20,1,1,2
BRF:4
BRH:2
end_of_record
TN:
SF:src\controllers\SemestreController.js
FN:3,(anonymous_0)
FN:27,(anonymous_1)
FN:47,(anonymous_2)
FN:60,(anonymous_3)
FNF:4
FNH:3
FNDA:2,(anonymous_0)
FNDA:2,(anonymous_1)
FNDA:1,(anonymous_2)
FNDA:0,(anonymous_3)
DA:1,2
DA:3,2
DA:4,2
DA:5,2
DA:6,2
DA:8,2
DA:17,1
DA:21,1
DA:27,2
DA:28,2
DA:29,2
DA:30,2
DA:32,2
DA:37,1
DA:41,1
DA:47,2
DA:48,1
DA:49,1
DA:50,1
DA:54,0
DA:60,2
DA:61,0
DA:62,0
DA:63,0
DA:66,0
DA:70,0
DA:76,2
LF:27
LH:21
BRDA:22,0,0,1
BRDA:22,0,1,0
BRDA:42,1,0,1
BRDA:42,1,1,0
BRDA:55,2,0,0
BRDA:55,2,1,0
BRDA:71,3,0,0
BRDA:71,3,1,0
BRF:8
BRH:2
end_of_record
TN:
SF:src\controllers\UsuarioController.js
FN:3,(anonymous_0)
FN:30,(anonymous_1)
FN:53,(anonymous_2)
FN:74,(anonymous_3)
FN:95,(anonymous_4)
FNF:5
FNH:4
FNDA:2,(anonymous_0)
FNDA:2,(anonymous_1)
FNDA:2,(anonymous_2)
FNDA:0,(anonymous_3)
FNDA:2,(anonymous_4)
DA:1,2
DA:3,2
DA:4,2
DA:5,2
DA:7,2
DA:16,1
DA:21,1
DA:24,1
DA:30,2
DA:31,2
DA:32,2
DA:34,2
DA:39,1
DA:44,1
DA:47,1
DA:53,2
DA:54,2
DA:55,2
DA:56,2
DA:58,2
DA:63,1
DA:68,1
DA:74,2
DA:75,0
DA:76,0
DA:77,0
DA:79,0
DA:84,0
DA:89,0
DA:95,2
DA:96,2
DA:97,2
DA:99,2
DA:101,1
DA:106,1
DA:112,2
LF:36
LH:30
BRDA:22,0,0,1
BRDA:22,0,1,0
BRDA:25,1,0,1
BRDA:25,1,1,0
BRDA:45,2,0,1
BRDA:45,2,1,0
BRDA:48,3,0,1
BRDA:48,3,1,0
BRDA:69,4,0,1
BRDA:69,4,1,0
BRDA:90,5,0,0
BRDA:90,5,1,0
BRDA:107,6,0,1
BRDA:107,6,1,0
BRF:14
BRH:6
end_of_record
TN:
SF:src\middlewares\validarLogin.js
FN:1,(anonymous_0)
FNF:1
FNH:1
FNDA:5,(anonymous_0)
DA:1,3
DA:2,5
DA:5,5
DA:6,2
DA:11,3
DA:14,3
LF:6
LH:6
BRDA:5,0,0,2
BRDA:5,0,1,3
BRDA:5,1,0,5
BRDA:5,1,1,5
BRF:4
BRH:4
end_of_record
TN:
SF:src\middlewares\validarRegistro.js
FN:1,(anonymous_0)
FNF:1
FNH:1
FNDA:7,(anonymous_0)
DA:1,3
DA:2,7
DA:5,7
DA:6,2
DA:12,5
DA:13,5
DA:14,1
DA:19,4
DA:20,4
DA:21,1
DA:28,3
DA:29,3
DA:30,0
DA:33,3
DA:36,3
LF:15
LH:14
BRDA:5,0,0,2
BRDA:5,0,1,5
BRDA:5,1,0,7
BRDA:5,1,1,5
BRDA:5,1,2,5
BRDA:5,1,3,5
BRDA:5,1,4,5
BRDA:5,1,5,5
BRDA:13,2,0,1
BRDA:13,2,1,4
BRDA:20,3,0,1
BRDA:20,3,1,3
BRDA:29,4,0,0
BRDA:29,4,1,3
BRF:14
BRH:13
end_of_record
TN:
SF:src\middlewares\validarSemestre.js
FN:1,(anonymous_0)
FNF:1
FNH:1
FNDA:6,(anonymous_0)
DA:1,3
DA:2,6
DA:5,6
DA:6,1
DA:12,5
DA:13,1
DA:20,4
DA:21,0
DA:26,4
DA:27,4
DA:29,4
DA:30,1
DA:37,3
DA:38,0
DA:43,3
DA:44,0
DA:49,3
DA:52,3
LF:18
LH:15
BRDA:5,0,0,1
BRDA:5,0,1,5
BRDA:5,1,0,6
BRDA:5,1,1,6
BRDA:5,1,2,5
BRDA:5,1,3,5
BRDA:12,2,0,1
BRDA:12,2,1,4
BRDA:12,3,0,5
BRDA:12,3,1,4
BRDA:20,4,0,0
BRDA:20,4,1,4
BRDA:20,5,0,4
BRDA:20,5,1,4
BRDA:26,6,0,4
BRDA:26,6,1,0
BRDA:29,7,0,1
BRDA:29,7,1,3
BRDA:37,8,0,0
BRDA:37,8,1,3
BRDA:43,9,0,0
BRDA:43,9,1,3
BRDA:43,10,0,3
BRDA:43,10,1,0
BRF:24
BRH:19
end_of_record
TN:
SF:src\middlewares\validarToken.js
FN:3,(anonymous_0)
FNF:1
FNH:1
FNDA:12,(anonymous_0)
DA:1,3
DA:3,3
DA:4,12
DA:5,12
DA:6,12
DA:7,2
DA:12,10
DA:13,10
DA:15,10
DA:17,10
DA:19,0
DA:25,3
LF:12
LH:11
BRDA:6,0,0,2
BRDA:6,0,1,10
BRDA:20,1,0,0
BRDA:20,1,1,0
BRF:4
BRH:2
end_of_record
TN:
SF:src\routes\SemestreRoutes.js
FNF:0
FNH:0
DA:1,2
DA:2,2
DA:3,2
DA:4,2
DA:6,2
DA:9,2
DA:15,2
DA:20,2
DA:21,2
DA:23,2
LF:10
LH:10
BRF:0
BRH:0
end_of_record
TN:
SF:src\routes\UsuarioRoutes.js
FNF:0
FNH:0
DA:1,2
DA:2,2
DA:3,2
DA:4,2
DA:5,2
DA:7,2
DA:10,2
DA:11,2
DA:12,2
DA:17,2
DA:18,2
DA:20,2
LF:12
LH:12
BRF:0
BRH:0
end_of_record
TN:
SF:src\services\SemestreService.js
FN:5,(anonymous_0)
FN:35,(anonymous_1)
FN:63,(anonymous_2)
FN:78,(anonymous_3)
FNF:4
FNH:3
FNDA:4,(anonymous_0)
FNDA:2,(anonymous_1)
FNDA:1,(anonymous_2)
FNDA:0,(anonymous_3)
DA:1,3
DA:3,3
DA:5,3
DA:14,4
DA:15,2
DA:19,2
DA:29,2
DA:35,3
DA:37,2
DA:38,0
DA:41,2
DA:47,2
DA:48,1
DA:51,1
DA:57,1
DA:63,3
DA:64,1
DA:75,1
DA:78,3
DA:79,0
DA:85,0
DA:86,0
DA:89,0
DA:92,3
LF:24
LH:19
BRDA:14,0,0,2
BRDA:14,0,1,2
BRDA:37,1,0,0
BRDA:37,1,1,2
BRDA:47,2,0,1
BRDA:47,2,1,1
BRDA:85,3,0,0
BRDA:85,3,1,0
BRF:8
BRH:5
end_of_record
TN:
SF:src\services\UsuarioService.js
FN:7,(anonymous_0)
FN:53,(anonymous_1)
FN:92,(anonymous_2)
FN:119,(anonymous_3)
FN:143,(anonymous_4)
FNF:5
FNH:4
FNDA:4,(anonymous_0)
FNDA:4,(anonymous_1)
FNDA:3,(anonymous_2)
FNDA:0,(anonymous_3)
FNDA:2,(anonymous_4)
DA:1,3
DA:2,3
DA:3,3
DA:5,3
DA:7,3
DA:16,4
DA:22,4
DA:23,2
DA:27,2
DA:28,2
DA:31,2
DA:42,2
DA:50,2
DA:53,3
DA:55,4
DA:60,4
DA:61,2
DA:65,2
DA:69,2
DA:70,0
DA:73,2
DA:78,2
DA:82,2
DA:92,3
DA:93,3
DA:94,1
DA:97,2
DA:103,2
DA:104,1
DA:107,1
DA:113,1
DA:119,3
DA:120,0
DA:121,0
DA:124,0
DA:130,0
DA:131,0
DA:134,0
DA:143,3
DA:144,2
DA:145,1
DA:148,1
DA:158,1
DA:161,3
LF:44
LH:37
BRDA:22,0,0,2
BRDA:22,0,1,2
BRDA:60,1,0,2
BRDA:60,1,1,2
BRDA:69,2,0,0
BRDA:69,2,1,2
BRDA:93,3,0,1
BRDA:93,3,1,2
BRDA:103,4,0,1
BRDA:103,4,1,1
BRDA:120,5,0,0
BRDA:120,5,1,0
BRDA:130,6,0,0
BRDA:130,6,1,0
BRDA:144,7,0,1
BRDA:144,7,1,1
BRF:16
BRH:11
end_of_record
